TN:
SF:src\App.tsx
FN:33,(anonymous_0)
FN:34,(anonymous_1)
FN:36,(anonymous_2)
FN:39,(anonymous_3)
FN:42,(anonymous_4)
FN:45,(anonymous_5)
FN:47,(anonymous_6)
FN:49,(anonymous_7)
FN:52,(anonymous_8)
FN:55,(anonymous_9)
FN:57,(anonymous_10)
FN:59,(anonymous_11)
FN:62,(anonymous_12)
FN:64,(anonymous_13)
FN:66,(anonymous_14)
FN:69,(anonymous_15)
FN:71,(anonymous_16)
FN:74,(anonymous_17)
FN:77,(anonymous_18)
FN:80,(anonymous_19)
FN:83,(anonymous_20)
FN:86,(anonymous_21)
FN:89,(anonymous_22)
FN:93,(anonymous_23)
FN:96,(anonymous_24)
FN:99,(anonymous_25)
FN:102,(anonymous_26)
FN:111,App
FN:115,(anonymous_28)
FN:131,(anonymous_29)
FNF:30
FNH:0
FNDA:0,(anonymous_0)
FNDA:0,(anonymous_1)
FNDA:0,(anonymous_2)
FNDA:0,(anonymous_3)
FNDA:0,(anonymous_4)
FNDA:0,(anonymous_5)
FNDA:0,(anonymous_6)
FNDA:0,(anonymous_7)
FNDA:0,(anonymous_8)
FNDA:0,(anonymous_9)
FNDA:0,(anonymous_10)
FNDA:0,(anonymous_11)
FNDA:0,(anonymous_12)
FNDA:0,(anonymous_13)
FNDA:0,(anonymous_14)
FNDA:0,(anonymous_15)
FNDA:0,(anonymous_16)
FNDA:0,(anonymous_17)
FNDA:0,(anonymous_18)
FNDA:0,(anonymous_19)
FNDA:0,(anonymous_20)
FNDA:0,(anonymous_21)
FNDA:0,(anonymous_22)
FNDA:0,(anonymous_23)
FNDA:0,(anonymous_24)
FNDA:0,(anonymous_25)
FNDA:0,(anonymous_26)
FNDA:0,App
FNDA:0,(anonymous_28)
FNDA:0,(anonymous_29)
DA:33,0
DA:34,0
DA:35,0
DA:36,0
DA:38,0
DA:39,0
DA:41,0
DA:42,0
DA:44,0
DA:45,0
DA:47,0
DA:48,0
DA:49,0
DA:51,0
DA:52,0
DA:54,0
DA:55,0
DA:57,0
DA:58,0
DA:59,0
DA:61,0
DA:62,0
DA:64,0
DA:65,0
DA:66,0
DA:68,0
DA:69,0
DA:71,0
DA:73,0
DA:74,0
DA:76,0
DA:77,0
DA:79,0
DA:80,0
DA:82,0
DA:83,0
DA:85,0
DA:86,0
DA:88,0
DA:89,0
DA:92,0
DA:93,0
DA:95,0
DA:96,0
DA:98,0
DA:99,0
DA:101,0
DA:102,0
DA:112,0
DA:114,0
DA:115,0
DA:130,0
DA:131,0
DA:152,0
LF:54
LH:0
BRF:0
BRH:0
end_of_record
TN:
SF:src\components\i18n\I18nProvider.tsx
FN:21,(anonymous_0)
FN:29,(anonymous_1)
FN:35,(anonymous_2)
FN:53,(anonymous_3)
FN:56,I18nProvider
FN:60,(anonymous_5)
FN:61,(anonymous_6)
FN:63,(anonymous_7)
FN:71,(anonymous_8)
FN:72,(anonymous_9)
FN:84,(anonymous_10)
FN:87,(anonymous_11)
FN:97,(anonymous_12)
FN:102,(anonymous_13)
FN:116,(anonymous_14)
FN:122,(anonymous_15)
FNF:16
FNH:16
FNDA:21,(anonymous_0)
FNDA:7,(anonymous_1)
FNDA:4,(anonymous_2)
FNDA:7,(anonymous_3)
FNDA:7,I18nProvider
FNDA:7,(anonymous_5)
FNDA:7,(anonymous_6)
FNDA:7,(anonymous_7)
FNDA:4,(anonymous_8)
FNDA:1,(anonymous_9)
FNDA:4,(anonymous_10)
FNDA:2,(anonymous_11)
FNDA:1,(anonymous_12)
FNDA:21,(anonymous_13)
FNDA:7,(anonymous_14)
FNDA:7,(anonymous_15)
DA:21,1
DA:25,21
DA:26,14
DA:29,7
DA:30,7
DA:31,7
DA:35,1
DA:36,4
DA:37,0
DA:40,4
DA:41,4
DA:42,4
DA:43,1
DA:49,3
DA:50,3
DA:53,1
DA:54,7
DA:58,7
DA:60,7
DA:61,7
DA:63,7
DA:64,7
DA:65,7
DA:66,7
DA:67,7
DA:68,7
DA:71,7
DA:72,4
DA:73,1
DA:74,0
DA:77,1
DA:80,1
DA:83,4
DA:84,4
DA:87,7
DA:88,2
DA:90,2
DA:91,2
DA:97,7
DA:98,1
DA:101,7
DA:107,21
DA:108,21
DA:109,21
DA:110,21
DA:115,7
DA:117,7
DA:121,7
DA:122,7
DA:135,7
LF:50
LH:48
BRDA:25,0,0,14
BRDA:25,0,1,7
BRDA:31,1,0,0
BRDA:31,1,1,7
BRDA:36,2,0,0
BRDA:36,2,1,4
BRDA:42,3,0,1
BRDA:42,3,1,3
BRDA:49,4,0,3
BRDA:49,4,1,0
BRDA:50,5,0,0
BRDA:50,5,1,3
BRDA:54,6,0,3
BRDA:54,6,1,4
BRDA:73,7,0,0
BRDA:73,7,1,1
BRDA:77,8,0,1
BRDA:77,8,1,0
BRDA:98,9,0,1
BRDA:98,9,1,0
BRDA:109,10,0,21
BRDA:109,10,1,7
BRDA:109,10,2,7
BRDA:109,10,3,0
BRF:24
BRH:16
end_of_record
TN:
SF:src\components\i18n\LanguageToggle.tsx
FN:24,LanguageToggle
FN:71,(anonymous_1)
FN:80,(anonymous_2)
FNF:3
FNH:0
FNDA:0,LanguageToggle
FNDA:0,(anonymous_1)
FNDA:0,(anonymous_2)
DA:17,0
DA:19,0
DA:29,0
DA:31,0
DA:32,0
DA:34,0
DA:62,0
DA:72,0
DA:74,0
DA:80,0
LF:10
LH:0
BRDA:25,0,0,0
BRDA:27,1,0,0
BRDA:31,2,0,0
BRDA:31,2,1,0
BRDA:32,3,0,0
BRDA:32,3,1,0
BRDA:40,4,0,0
BRDA:40,4,1,0
BRDA:53,5,0,0
BRDA:53,5,1,0
BRDA:83,6,0,0
BRDA:83,6,1,0
BRF:12
BRH:0
end_of_record
TN:
SF:src\components\i18n\i18n.context.ts
FNF:0
FNH:0
DA:19,1
LF:1
LH:1
BRF:0
BRH:0
end_of_record
TN:
SF:src\components\i18n\translations.ts
FN:2625,(anonymous_0)
FN:2628,(anonymous_1)
FNF:2
FNH:2
FNDA:9,(anonymous_0)
FNDA:9,(anonymous_1)
DA:4,2
DA:6,2
DA:11,2
DA:16,2
DA:2625,2
DA:2626,9
DA:2628,2
DA:2629,9
LF:8
LH:8
BRDA:2626,0,0,4
BRDA:2626,0,1,5
BRDA:2629,1,0,9
BRDA:2629,1,1,8
BRF:4
BRH:4
end_of_record
TN:
SF:src\components\i18n\useI18n.ts
FN:4,(anonymous_0)
FNF:1
FNH:1
FNDA:9,(anonymous_0)
DA:4,1
DA:5,9
DA:7,9
DA:8,2
DA:11,7
LF:5
LH:5
BRDA:7,0,0,2
BRDA:7,0,1,7
BRF:2
BRH:2
end_of_record
TN:
SF:src\components\layout\AppLayout.tsx
FN:15,(anonymous_0)
FN:27,(anonymous_1)
FN:56,(anonymous_2)
FN:68,(anonymous_3)
FN:74,(anonymous_4)
FN:147,(anonymous_5)
FN:153,(anonymous_6)
FNF:7
FNH:0
FNDA:0,(anonymous_0)
FNDA:0,(anonymous_1)
FNDA:0,(anonymous_2)
FNDA:0,(anonymous_3)
FNDA:0,(anonymous_4)
FNDA:0,(anonymous_5)
FNDA:0,(anonymous_6)
DA:15,0
DA:16,0
DA:17,0
DA:18,0
DA:19,0
DA:25,0
DA:27,0
DA:28,0
DA:31,0
DA:37,0
DA:56,0
DA:69,0
DA:70,0
DA:74,0
DA:148,0
DA:149,0
DA:153,0
LF:17
LH:0
BRDA:40,0,0,0
BRDA:40,0,1,0
BRDA:75,1,0,0
BRDA:75,1,1,0
BRDA:78,2,0,0
BRDA:78,2,1,0
BRDA:100,3,0,0
BRDA:100,3,1,0
BRDA:121,4,0,0
BRDA:121,4,1,0
BRDA:125,5,0,0
BRDA:125,5,1,0
BRDA:128,6,0,0
BRDA:128,6,1,0
BRDA:154,7,0,0
BRDA:154,7,1,0
BRDA:157,8,0,0
BRDA:157,8,1,0
BRDA:161,9,0,0
BRDA:161,9,1,0
BRDA:178,10,0,0
BRDA:178,10,1,0
BRF:22
BRH:0
end_of_record
TN:
SF:src\components\layout\AuthShell.tsx
FN:23,(anonymous_0)
FN:82,(anonymous_1)
FNF:2
FNH:0
FNDA:0,(anonymous_0)
FNDA:0,(anonymous_1)
DA:17,0
DA:23,0
DA:28,0
DA:82,0
DA:83,0
LF:5
LH:0
BRDA:25,0,0,0
BRDA:26,1,0,0
BRF:2
BRH:0
end_of_record
TN:
SF:src\components\layout\DashboardLayout.tsx
FN:37,(anonymous_0)
FN:59,(anonymous_1)
FN:63,(anonymous_2)
FN:65,(anonymous_3)
FN:73,(anonymous_4)
FN:81,(anonymous_5)
FN:136,(anonymous_6)
FN:142,(anonymous_7)
FN:214,(anonymous_8)
FN:243,(anonymous_9)
FNF:10
FNH:0
FNDA:0,(anonymous_0)
FNDA:0,(anonymous_1)
FNDA:0,(anonymous_2)
FNDA:0,(anonymous_3)
FNDA:0,(anonymous_4)
FNDA:0,(anonymous_5)
FNDA:0,(anonymous_6)
FNDA:0,(anonymous_7)
FNDA:0,(anonymous_8)
FNDA:0,(anonymous_9)
DA:37,0
DA:38,0
DA:39,0
DA:40,0
DA:41,0
DA:47,0
DA:48,0
DA:49,0
DA:50,0
DA:53,0
DA:59,0
DA:60,0
DA:63,0
DA:65,0
DA:66,0
DA:67,0
DA:70,0
DA:71,0
DA:73,0
DA:74,0
DA:75,0
DA:79,0
DA:81,0
DA:82,0
DA:83,0
DA:88,0
DA:137,0
DA:138,0
DA:143,0
DA:144,0
DA:188,0
DA:214,0
DA:243,0
LF:33
LH:0
BRDA:50,0,0,0
BRDA:50,0,1,0
BRDA:53,1,0,0
BRDA:53,1,1,0
BRDA:55,2,0,0
BRDA:55,2,1,0
BRDA:66,3,0,0
BRDA:66,3,1,0
BRDA:74,4,0,0
BRDA:74,4,1,0
BRDA:111,5,0,0
BRDA:111,5,1,0
BRDA:113,6,0,0
BRDA:113,6,1,0
BRDA:117,7,0,0
BRDA:117,7,1,0
BRDA:120,8,0,0
BRDA:120,8,1,0
BRDA:125,9,0,0
BRDA:125,9,1,0
BRDA:146,10,0,0
BRDA:146,10,1,0
BRDA:149,11,0,0
BRDA:149,11,1,0
BRDA:157,12,0,0
BRDA:157,12,1,0
BRDA:175,13,0,0
BRDA:175,13,1,0
BRDA:190,14,0,0
BRDA:190,14,1,0
BRDA:207,15,0,0
BRDA:207,15,1,0
BRDA:219,16,0,0
BRDA:219,16,1,0
BRDA:222,17,0,0
BRDA:222,17,1,0
BRDA:224,18,0,0
BRDA:224,18,1,0
BRDA:246,19,0,0
BRDA:246,19,1,0
BRDA:251,20,0,0
BRDA:251,20,1,0
BRDA:278,21,0,0
BRDA:278,21,1,0
BRDA:282,22,0,0
BRDA:282,22,1,0
BRDA:285,23,0,0
BRDA:285,23,1,0
BRF:48
BRH:0
end_of_record
TN:
SF:src\components\layout\RoleBasedLayout.tsx
FN:14,RoleBasedLayout
FNF:1
FNH:0
FNDA:0,RoleBasedLayout
DA:20,0
DA:22,0
DA:24,0
DA:25,0
DA:32,0
DA:33,0
DA:41,0
LF:7
LH:0
BRDA:22,0,0,0
BRDA:22,0,1,0
BRDA:24,1,0,0
BRDA:24,1,1,0
BRDA:32,2,0,0
BRDA:32,2,1,0
BRF:6
BRH:0
end_of_record
TN:
SF:src\components\theme\ThemeProvider.tsx
FN:17,(anonymous_0)
FN:20,(anonymous_1)
FN:31,(anonymous_2)
FN:37,(anonymous_3)
FN:58,ThemeProvider
FN:67,(anonymous_5)
FN:71,(anonymous_6)
FN:80,(anonymous_7)
FN:90,(anonymous_8)
FN:99,(anonymous_9)
FN:104,(anonymous_10)
FN:117,(anonymous_11)
FN:120,(anonymous_12)
FN:128,(anonymous_13)
FN:142,(anonymous_14)
FN:147,(anonymous_15)
FNF:16
FNH:16
FNDA:5,(anonymous_0)
FNDA:4,(anonymous_1)
FNDA:8,(anonymous_2)
FNDA:4,(anonymous_3)
FNDA:8,ThemeProvider
FNDA:8,(anonymous_5)
FNDA:4,(anonymous_6)
FNDA:1,(anonymous_7)
FNDA:4,(anonymous_8)
FNDA:4,(anonymous_9)
FNDA:1,(anonymous_10)
FNDA:4,(anonymous_11)
FNDA:8,(anonymous_12)
FNDA:2,(anonymous_13)
FNDA:1,(anonymous_14)
FNDA:8,(anonymous_15)
DA:15,1
DA:17,1
DA:18,5
DA:20,1
DA:21,4
DA:25,0
DA:28,4
DA:31,1
DA:35,8
DA:37,1
DA:38,4
DA:39,0
DA:42,4
DA:43,4
DA:44,4
DA:45,1
DA:51,3
DA:59,8
DA:62,8
DA:66,8
DA:67,8
DA:71,8
DA:72,4
DA:76,0
DA:79,4
DA:80,4
DA:81,1
DA:84,4
DA:85,4
DA:87,0
DA:90,4
DA:91,4
DA:92,4
DA:94,0
DA:99,8
DA:100,4
DA:101,0
DA:104,4
DA:105,1
DA:106,0
DA:109,1
DA:113,1
DA:116,4
DA:117,4
DA:120,8
DA:121,8
DA:122,8
DA:123,8
DA:124,8
DA:125,8
DA:128,8
DA:129,2
DA:131,2
DA:132,0
DA:135,2
DA:136,2
DA:142,8
DA:143,1
DA:146,8
DA:147,8
DA:156,8
LF:61
LH:53
BRDA:18,0,0,5
BRDA:18,0,1,5
BRDA:18,0,2,4
BRDA:21,1,0,0
BRDA:21,1,1,4
BRDA:22,2,0,4
BRDA:22,2,1,4
BRDA:28,3,0,1
BRDA:28,3,1,3
BRDA:35,4,0,5
BRDA:35,4,1,3
BRDA:38,5,0,0
BRDA:38,5,1,4
BRDA:44,6,0,1
BRDA:44,6,1,3
BRDA:72,7,0,0
BRDA:72,7,1,4
BRDA:73,8,0,4
BRDA:73,8,1,4
BRDA:81,9,0,0
BRDA:81,9,1,1
BRDA:84,10,0,4
BRDA:84,10,1,0
BRDA:91,11,0,4
BRDA:91,11,1,0
BRDA:100,12,0,0
BRDA:100,12,1,4
BRDA:105,13,0,0
BRDA:105,13,1,1
BRDA:109,14,0,1
BRDA:109,14,1,0
BRDA:131,15,0,0
BRDA:131,15,1,2
BRDA:143,16,0,1
BRDA:143,16,1,0
BRF:35
BRH:24
end_of_record
TN:
SF:src\components\theme\ThemeToggle.tsx
FN:56,ThemeToggle
FN:66,(anonymous_1)
FN:81,(anonymous_2)
FN:122,(anonymous_3)
FN:137,(anonymous_4)
FN:175,(anonymous_5)
FN:186,(anonymous_6)
FNF:7
FNH:0
FNDA:0,ThemeToggle
FNDA:0,(anonymous_1)
FNDA:0,(anonymous_2)
FNDA:0,(anonymous_3)
FNDA:0,(anonymous_4)
FNDA:0,(anonymous_5)
FNDA:0,(anonymous_6)
DA:23,0
DA:44,0
DA:50,0
DA:63,0
DA:64,0
DA:66,0
DA:67,0
DA:75,0
DA:78,0
DA:80,0
DA:81,0
DA:84,0
DA:85,0
DA:86,0
DA:89,0
DA:90,0
DA:91,0
DA:95,0
DA:100,0
DA:104,0
DA:107,0
DA:108,0
DA:109,0
DA:110,0
DA:115,0
DA:122,0
DA:123,0
DA:124,0
DA:127,0
DA:128,0
DA:131,0
DA:134,0
DA:137,0
DA:165,0
DA:176,0
DA:177,0
DA:178,0
DA:180,0
DA:186,0
LF:39
LH:0
BRDA:57,0,0,0
BRDA:59,1,0,0
BRDA:61,2,0,0
BRDA:67,3,0,0
BRDA:67,3,1,0
BRDA:68,4,0,0
BRDA:68,4,1,0
BRDA:68,4,2,0
BRDA:68,4,3,0
BRDA:68,4,4,0
BRDA:68,4,5,0
BRDA:84,5,0,0
BRDA:84,5,1,0
BRDA:89,6,0,0
BRDA:89,6,1,0
BRDA:95,7,0,0
BRDA:95,7,1,0
BRDA:96,8,0,0
BRDA:96,8,1,0
BRDA:100,9,0,0
BRDA:100,9,1,0
BRDA:107,10,0,0
BRDA:107,10,1,0
BRDA:123,11,0,0
BRDA:123,11,1,0
BRDA:127,12,0,0
BRDA:127,12,1,0
BRDA:140,13,0,0
BRDA:140,13,1,0
BRDA:156,14,0,0
BRDA:156,14,1,0
BRDA:189,15,0,0
BRDA:189,15,1,0
BRDA:200,16,0,0
BRDA:200,16,1,0
BRDA:205,17,0,0
BRDA:205,17,1,0
BRDA:205,17,2,0
BRF:38
BRH:0
end_of_record
TN:
SF:src\components\theme\theme.context.ts
FNF:0
FNH:0
DA:13,1
DA:15,1
LF:2
LH:2
BRF:0
BRH:0
end_of_record
TN:
SF:src\components\theme\useTheme.ts
FN:4,useTheme
FNF:1
FNH:1
FNDA:10,useTheme
DA:5,10
DA:7,10
DA:8,2
DA:11,8
LF:4
LH:4
BRDA:7,0,0,2
BRDA:7,0,1,8
BRF:2
BRH:2
end_of_record
TN:
SF:src\components\ui\LoadingSpinner.tsx
FN:39,LoadingSpinner
FN:114,PageLoading
FN:137,InlineLoading
FNF:3
FNH:0
FNDA:0,LoadingSpinner
FNDA:0,PageLoading
FNDA:0,InlineLoading
DA:20,0
DA:27,0
DA:46,0
DA:49,0
DA:98,0
DA:99,0
DA:107,0
DA:121,0
DA:123,0
DA:144,0
DA:146,0
DA:152,0
LF:12
LH:0
BRDA:40,0,0,0
BRDA:43,1,0,0
BRDA:85,2,0,0
BRDA:85,2,1,0
BRDA:85,2,2,0
BRDA:87,3,0,0
BRDA:87,3,1,0
BRDA:90,4,0,0
BRDA:90,4,1,0
BRDA:98,5,0,0
BRDA:98,5,1,0
BRDA:127,6,0,0
BRDA:127,6,1,0
BRDA:139,7,0,0
BRF:14
BRH:0
end_of_record
TN:
SF:src\components\ui\alert-dialog.tsx
FN:16,(anonymous_0)
FN:31,(anonymous_1)
FN:46,(anonymous_2)
FN:60,(anonymous_3)
FN:77,(anonymous_4)
FN:89,(anonymous_5)
FN:102,(anonymous_6)
FN:114,(anonymous_7)
FNF:8
FNH:0
FNDA:0,(anonymous_0)
FNDA:0,(anonymous_1)
FNDA:0,(anonymous_2)
FNDA:0,(anonymous_3)
FNDA:0,(anonymous_4)
FNDA:0,(anonymous_5)
FNDA:0,(anonymous_6)
FNDA:0,(anonymous_7)
DA:7,0
DA:9,0
DA:11,0
DA:13,0
DA:17,0
DA:26,0
DA:28,0
DA:32,0
DA:44,0
DA:46,0
DA:50,0
DA:58,0
DA:60,0
DA:64,0
DA:72,0
DA:74,0
DA:78,0
DA:84,0
DA:86,0
DA:90,0
DA:96,0
DA:99,0
DA:103,0
DA:109,0
DA:111,0
DA:115,0
DA:125,0
LF:27
LH:0
BRF:0
BRH:0
end_of_record
TN:
SF:src\components\ui\alert.tsx
FN:25,(anonymous_0)
FN:38,(anonymous_1)
FN:50,(anonymous_2)
FNF:3
FNH:3
FNDA:8,(anonymous_0)
FNDA:7,(anonymous_1)
FNDA:8,(anonymous_2)
DA:6,8
DA:22,8
DA:26,8
DA:33,8
DA:35,8
DA:39,7
DA:45,8
DA:47,8
DA:51,8
DA:57,8
LF:10
LH:10
BRF:0
BRH:0
end_of_record
TN:
SF:src\components\ui\aspect-ratio.tsx
FNF:0
FNH:0
DA:3,0
LF:1
LH:0
BRF:0
BRH:0
end_of_record
TN:
SF:src\components\ui\avatar.tsx
FN:9,(anonymous_0)
FN:24,(anonymous_1)
FN:36,(anonymous_2)
FNF:3
FNH:0
FNDA:0,(anonymous_0)
FNDA:0,(anonymous_1)
FNDA:0,(anonymous_2)
DA:6,0
DA:10,0
DA:19,0
DA:21,0
DA:25,0
DA:31,0
DA:33,0
DA:37,0
DA:46,0
LF:9
LH:0
BRF:0
BRH:0
end_of_record
TN:
SF:src\components\ui\badge-variants.ts
FNF:0
FNH:0
DA:3,3
LF:1
LH:1
BRF:0
BRH:0
end_of_record
TN:
SF:src\components\ui\badge.tsx
FN:12,Badge
FNF:1
FNH:1
FNDA:3,Badge
DA:13,3
LF:1
LH:1
BRF:0
BRH:0
end_of_record
TN:
SF:src\components\ui\button-variants.ts
FNF:0
FNH:0
DA:3,13
LF:1
LH:1
BRF:0
BRH:0
end_of_record
TN:
SF:src\components\ui\button.tsx
FN:16,(anonymous_0)
FNF:1
FNH:1
FNDA:86,(anonymous_0)
DA:15,13
DA:17,86
DA:18,86
DA:27,13
LF:4
LH:4
BRDA:16,0,0,85
BRDA:17,1,0,1
BRDA:17,1,1,85
BRF:3
BRH:3
end_of_record
TN:
SF:src\components\ui\card.tsx
FN:8,(anonymous_0)
FN:23,(anonymous_1)
FN:35,(anonymous_2)
FN:50,(anonymous_3)
FN:62,(anonymous_4)
FN:70,(anonymous_5)
FNF:6
FNH:2
FNDA:11,(anonymous_0)
FNDA:0,(anonymous_1)
FNDA:0,(anonymous_2)
FNDA:0,(anonymous_3)
FNDA:3,(anonymous_4)
FNDA:0,(anonymous_5)
DA:5,3
DA:9,11
DA:18,3
DA:20,3
DA:24,0
DA:30,3
DA:32,3
DA:36,0
DA:45,3
DA:47,3
DA:51,0
DA:57,3
DA:59,3
DA:63,3
DA:65,3
DA:67,3
DA:71,0
DA:77,3
LF:18
LH:14
BRF:0
BRH:0
end_of_record
TN:
SF:src\components\ui\checkbox.tsx
FN:10,(anonymous_0)
FNF:1
FNH:0
FNDA:0,(anonymous_0)
DA:7,0
DA:11,0
DA:26,0
LF:3
LH:0
BRF:0
BRH:0
end_of_record
TN:
SF:src\components\ui\form-error.tsx
FN:33,(anonymous_0)
FNF:1
FNH:0
FNDA:0,(anonymous_0)
DA:9,0
DA:33,0
DA:34,0
DA:36,0
DA:38,0
DA:39,0
DA:41,0
DA:44,0
DA:45,0
DA:50,0
DA:53,0
DA:54,0
DA:59,0
DA:60,0
DA:61,0
DA:66,0
DA:67,0
DA:68,0
DA:73,0
LF:19
LH:0
BRDA:36,0,0,0
BRDA:36,0,1,0
BRDA:39,1,0,0
BRDA:39,1,1,0
BRDA:44,2,0,0
BRDA:44,2,1,0
BRDA:53,3,0,0
BRDA:53,3,1,0
BRDA:60,4,0,0
BRDA:60,4,1,0
BRDA:67,5,0,0
BRDA:67,5,1,0
BRF:12
BRH:0
end_of_record
TN:
SF:src\components\ui\input.tsx
FN:6,(anonymous_0)
FNF:1
FNH:1
FNDA:1,(anonymous_0)
DA:5,1
DA:7,1
DA:20,1
LF:3
LH:3
BRF:0
BRH:0
end_of_record
TN:
SF:src\components\ui\label.tsx
FN:15,(anonymous_0)
FNF:1
FNH:0
FNDA:0,(anonymous_0)
DA:7,0
DA:11,0
DA:16,0
DA:22,0
LF:4
LH:0
BRF:0
BRH:0
end_of_record
TN:
SF:src\components\ui\slider.tsx
FN:9,(anonymous_0)
FNF:1
FNH:1
FNDA:1,(anonymous_0)
DA:6,2
DA:10,1
DA:24,2
LF:3
LH:3
BRF:0
BRH:0
end_of_record
TN:
SF:src\components\ui\tabs.tsx
FN:11,(anonymous_0)
FN:26,(anonymous_1)
FN:41,(anonymous_2)
FNF:3
FNH:3
FNDA:1,(anonymous_0)
FNDA:2,(anonymous_1)
FNDA:2,(anonymous_2)
DA:6,2
DA:8,2
DA:12,1
DA:21,2
DA:23,2
DA:27,2
DA:36,2
DA:38,2
DA:42,2
DA:51,2
LF:10
LH:10
BRF:0
BRH:0
end_of_record
TN:
SF:src\config\api.ts
FN:25,(anonymous_0)
FN:26,(anonymous_1)
FN:27,(anonymous_2)
FN:28,(anonymous_3)
FN:31,(anonymous_4)
FN:32,(anonymous_5)
FN:43,(anonymous_6)
FN:44,(anonymous_7)
FN:45,(anonymous_8)
FN:46,(anonymous_9)
FN:47,(anonymous_10)
FN:48,(anonymous_11)
FN:49,(anonymous_12)
FN:58,(anonymous_13)
FN:61,(anonymous_14)
FN:64,(anonymous_15)
FN:66,(anonymous_16)
FN:68,(anonymous_17)
FN:77,(anonymous_18)
FN:84,(anonymous_19)
FN:85,(anonymous_20)
FN:92,(anonymous_21)
FN:93,(anonymous_22)
FN:98,(anonymous_23)
FN:100,(anonymous_24)
FN:101,(anonymous_25)
FN:103,(anonymous_26)
FN:105,(anonymous_27)
FN:106,(anonymous_28)
FN:107,(anonymous_29)
FN:108,(anonymous_30)
FN:109,(anonymous_31)
FN:110,(anonymous_32)
FN:112,(anonymous_33)
FN:121,(anonymous_34)
FN:124,(anonymous_35)
FN:137,(anonymous_36)
FN:138,(anonymous_37)
FN:139,(anonymous_38)
FN:140,(anonymous_39)
FN:142,(anonymous_40)
FN:143,(anonymous_41)
FN:148,(anonymous_42)
FN:150,(anonymous_43)
FN:158,(anonymous_44)
FN:161,(anonymous_45)
FN:163,(anonymous_46)
FN:165,(anonymous_47)
FNF:48
FNH:0
FNDA:0,(anonymous_0)
FNDA:0,(anonymous_1)
FNDA:0,(anonymous_2)
FNDA:0,(anonymous_3)
FNDA:0,(anonymous_4)
FNDA:0,(anonymous_5)
FNDA:0,(anonymous_6)
FNDA:0,(anonymous_7)
FNDA:0,(anonymous_8)
FNDA:0,(anonymous_9)
FNDA:0,(anonymous_10)
FNDA:0,(anonymous_11)
FNDA:0,(anonymous_12)
FNDA:0,(anonymous_13)
FNDA:0,(anonymous_14)
FNDA:0,(anonymous_15)
FNDA:0,(anonymous_16)
FNDA:0,(anonymous_17)
FNDA:0,(anonymous_18)
FNDA:0,(anonymous_19)
FNDA:0,(anonymous_20)
FNDA:0,(anonymous_21)
FNDA:0,(anonymous_22)
FNDA:0,(anonymous_23)
FNDA:0,(anonymous_24)
FNDA:0,(anonymous_25)
FNDA:0,(anonymous_26)
FNDA:0,(anonymous_27)
FNDA:0,(anonymous_28)
FNDA:0,(anonymous_29)
FNDA:0,(anonymous_30)
FNDA:0,(anonymous_31)
FNDA:0,(anonymous_32)
FNDA:0,(anonymous_33)
FNDA:0,(anonymous_34)
FNDA:0,(anonymous_35)
FNDA:0,(anonymous_36)
FNDA:0,(anonymous_37)
FNDA:0,(anonymous_38)
FNDA:0,(anonymous_39)
FNDA:0,(anonymous_40)
FNDA:0,(anonymous_41)
FNDA:0,(anonymous_42)
FNDA:0,(anonymous_43)
FNDA:0,(anonymous_44)
FNDA:0,(anonymous_45)
FNDA:0,(anonymous_46)
FNDA:0,(anonymous_47)
DA:10,0
DA:25,0
DA:26,0
DA:27,0
DA:28,0
DA:31,0
DA:32,0
DA:43,0
DA:44,0
DA:45,0
DA:46,0
DA:47,0
DA:48,0
DA:49,0
DA:58,0
DA:61,0
DA:65,0
DA:67,0
DA:69,0
DA:77,0
DA:84,0
DA:85,0
DA:92,0
DA:93,0
DA:98,0
DA:100,0
DA:101,0
DA:104,0
DA:105,0
DA:106,0
DA:107,0
DA:108,0
DA:109,0
DA:111,0
DA:113,0
DA:122,0
DA:125,0
DA:137,0
DA:138,0
DA:139,0
DA:140,0
DA:142,0
DA:144,0
DA:149,0
DA:150,0
DA:159,0
DA:162,0
DA:164,0
DA:165,0
LF:49
LH:0
BRF:0
BRH:0
end_of_record
TN:
SF:src\config\axios.config.ts
FN:61,(anonymous_0)
FN:79,(anonymous_1)
FN:91,(anonymous_2)
FN:118,(anonymous_3)
FNF:4
FNH:0
FNDA:0,(anonymous_0)
FNDA:0,(anonymous_1)
FNDA:0,(anonymous_2)
FNDA:0,(anonymous_3)
DA:39,0
DA:49,0
DA:60,0
DA:63,0
DA:64,0
DA:65,0
DA:66,0
DA:67,0
DA:68,0
DA:69,0
DA:73,0
DA:74,0
DA:75,0
DA:77,0
DA:79,0
DA:84,0
DA:92,0
DA:93,0
DA:94,0
DA:95,0
DA:96,0
DA:110,0
DA:112,0
DA:119,0
DA:122,0
DA:123,0
DA:124,0
DA:125,0
DA:126,0
DA:127,0
DA:131,0
DA:132,0
DA:134,0
DA:136,0
DA:138,0
DA:139,0
DA:142,0
DA:148,0
LF:38
LH:0
BRDA:63,0,0,0
BRDA:63,0,1,0
BRDA:63,1,0,0
BRDA:63,1,1,0
BRDA:64,2,0,0
BRDA:64,2,1,0
BRDA:64,3,0,0
BRDA:64,3,1,0
BRDA:66,4,0,0
BRDA:66,4,1,0
BRDA:74,5,0,0
BRDA:74,5,1,0
BRDA:74,6,0,0
BRDA:74,6,1,0
BRDA:93,7,0,0
BRDA:93,7,1,0
BRDA:93,8,0,0
BRDA:93,8,1,0
BRDA:93,8,2,0
BRDA:94,9,0,0
BRDA:94,9,1,0
BRDA:98,10,0,0
BRDA:98,10,1,0
BRDA:98,10,2,0
BRDA:101,11,0,0
BRDA:101,11,1,0
BRDA:122,12,0,0
BRDA:122,12,1,0
BRDA:126,13,0,0
BRDA:126,13,1,0
BRDA:134,14,0,0
BRDA:134,14,1,0
BRDA:138,15,0,0
BRDA:138,15,1,0
BRDA:142,16,0,0
BRDA:142,16,1,0
BRDA:143,17,0,0
BRDA:143,17,1,0
BRDA:143,18,0,0
BRDA:143,18,1,0
BRDA:146,19,0,0
BRDA:146,19,1,0
BRF:42
BRH:0
end_of_record
TN:
SF:src\features\admin\api\adminApi.mapper.ts
FN:136,(anonymous_0)
FN:149,(anonymous_1)
FN:161,(anonymous_2)
FN:190,(anonymous_3)
FN:198,(anonymous_4)
FN:203,(anonymous_5)
FN:209,(anonymous_6)
FN:214,(anonymous_7)
FN:236,(anonymous_8)
FN:249,(anonymous_9)
FN:262,(anonymous_10)
FN:275,(anonymous_11)
FN:287,(anonymous_12)
FN:322,(anonymous_13)
FN:342,(anonymous_14)
FN:349,(anonymous_15)
FN:352,(anonymous_16)
FN:356,(anonymous_17)
FN:359,(anonymous_18)
FN:392,(anonymous_19)
FN:406,(anonymous_20)
FN:414,(anonymous_21)
FN:419,(anonymous_22)
FN:447,(anonymous_23)
FN:470,(anonymous_24)
FN:503,(anonymous_25)
FN:520,(anonymous_26)
FN:523,(anonymous_27)
FN:528,(anonymous_28)
FNF:29
FNH:0
FNDA:0,(anonymous_0)
FNDA:0,(anonymous_1)
FNDA:0,(anonymous_2)
FNDA:0,(anonymous_3)
FNDA:0,(anonymous_4)
FNDA:0,(anonymous_5)
FNDA:0,(anonymous_6)
FNDA:0,(anonymous_7)
FNDA:0,(anonymous_8)
FNDA:0,(anonymous_9)
FNDA:0,(anonymous_10)
FNDA:0,(anonymous_11)
FNDA:0,(anonymous_12)
FNDA:0,(anonymous_13)
FNDA:0,(anonymous_14)
FNDA:0,(anonymous_15)
FNDA:0,(anonymous_16)
FNDA:0,(anonymous_17)
FNDA:0,(anonymous_18)
FNDA:0,(anonymous_19)
FNDA:0,(anonymous_20)
FNDA:0,(anonymous_21)
FNDA:0,(anonymous_22)
FNDA:0,(anonymous_23)
FNDA:0,(anonymous_24)
FNDA:0,(anonymous_25)
FNDA:0,(anonymous_26)
FNDA:0,(anonymous_27)
FNDA:0,(anonymous_28)
DA:136,0
DA:137,0
DA:138,0
DA:141,0
DA:142,0
DA:143,0
DA:146,0
DA:149,0
DA:150,0
DA:151,0
DA:154,0
DA:155,0
DA:158,0
DA:161,0
DA:162,0
DA:163,0
DA:166,0
DA:167,0
DA:169,0
DA:170,0
DA:173,0
DA:174,0
DA:177,0
DA:178,0
DA:181,0
DA:182,0
DA:183,0
DA:187,0
DA:190,0
DA:191,0
DA:192,0
DA:193,0
DA:194,0
DA:195,0
DA:198,0
DA:199,0
DA:200,0
DA:203,0
DA:204,0
DA:205,0
DA:208,0
DA:210,0
DA:214,0
DA:217,0
DA:218,0
DA:221,0
DA:223,0
DA:230,0
DA:233,0
DA:236,0
DA:237,0
DA:243,0
DA:246,0
DA:249,0
DA:250,0
DA:256,0
DA:259,0
DA:262,0
DA:263,0
DA:269,0
DA:272,0
DA:275,0
DA:287,0
DA:290,0
DA:291,0
DA:293,0
DA:294,0
DA:295,0
DA:299,0
DA:300,0
DA:305,0
DA:322,0
DA:325,0
DA:342,0
DA:348,0
DA:349,0
DA:352,0
DA:355,0
DA:356,0
DA:359,0
DA:362,0
DA:363,0
DA:365,0
DA:392,0
DA:406,0
DA:409,0
DA:410,0
DA:411,0
DA:414,0
DA:417,0
DA:419,0
DA:421,0
DA:426,0
DA:430,0
DA:447,0
DA:452,0
DA:453,0
DA:455,0
DA:470,0
DA:474,0
DA:475,0
DA:476,0
DA:478,0
DA:503,0
DA:506,0
DA:508,0
DA:520,0
DA:521,0
DA:523,0
DA:524,0
DA:525,0
DA:528,0
LF:112
LH:0
BRDA:137,0,0,0
BRDA:137,0,1,0
BRDA:142,1,0,0
BRDA:142,1,1,0
BRDA:150,2,0,0
BRDA:150,2,1,0
BRDA:154,3,0,0
BRDA:154,3,1,0
BRDA:162,4,0,0
BRDA:162,4,1,0
BRDA:166,5,0,0
BRDA:166,5,1,0
BRDA:169,6,0,0
BRDA:169,6,1,0
BRDA:173,7,0,0
BRDA:173,7,1,0
BRDA:177,8,0,0
BRDA:177,8,1,0
BRDA:182,9,0,0
BRDA:182,9,1,0
BRDA:191,10,0,0
BRDA:191,10,1,0
BRDA:192,11,0,0
BRDA:192,11,1,0
BRDA:193,12,0,0
BRDA:193,12,1,0
BRDA:194,13,0,0
BRDA:194,13,1,0
BRDA:198,14,0,0
BRDA:199,15,0,0
BRDA:199,15,1,0
BRDA:200,16,0,0
BRDA:200,16,1,0
BRDA:204,17,0,0
BRDA:204,17,1,0
BRDA:210,18,0,0
BRDA:210,18,1,0
BRDA:217,19,0,0
BRDA:217,19,1,0
BRDA:223,20,0,0
BRDA:223,20,1,0
BRDA:224,21,0,0
BRDA:224,21,1,0
BRDA:224,21,2,0
BRDA:224,21,3,0
BRDA:224,21,4,0
BRDA:237,22,0,0
BRDA:237,22,1,0
BRDA:238,23,0,0
BRDA:238,23,1,0
BRDA:238,23,2,0
BRDA:238,23,3,0
BRDA:250,24,0,0
BRDA:250,24,1,0
BRDA:251,25,0,0
BRDA:251,25,1,0
BRDA:251,25,2,0
BRDA:251,25,3,0
BRDA:263,26,0,0
BRDA:263,26,1,0
BRDA:264,27,0,0
BRDA:264,27,1,0
BRDA:264,27,2,0
BRDA:264,27,3,0
BRDA:280,28,0,0
BRDA:280,28,1,0
BRDA:284,29,0,0
BRDA:284,29,1,0
BRDA:312,30,0,0
BRDA:312,30,1,0
BRDA:316,31,0,0
BRDA:316,31,1,0
BRDA:332,32,0,0
BRDA:332,32,1,0
BRDA:336,33,0,0
BRDA:336,33,1,0
BRDA:336,33,2,0
BRDA:370,34,0,0
BRDA:370,34,1,0
BRDA:372,35,0,0
BRDA:372,35,1,0
BRDA:374,36,0,0
BRDA:374,36,1,0
BRDA:374,36,2,0
BRDA:374,36,3,0
BRDA:376,37,0,0
BRDA:376,37,1,0
BRDA:380,38,0,0
BRDA:380,38,1,0
BRDA:380,38,2,0
BRDA:381,39,0,0
BRDA:381,39,1,0
BRDA:383,40,0,0
BRDA:383,40,1,0
BRDA:384,41,0,0
BRDA:384,41,1,0
BRDA:387,42,0,0
BRDA:387,42,1,0
BRDA:388,43,0,0
BRDA:388,43,1,0
BRDA:396,44,0,0
BRDA:396,44,1,0
BRDA:410,45,0,0
BRDA:410,45,1,0
BRDA:421,46,0,0
BRDA:421,46,1,0
BRDA:421,47,0,0
BRDA:421,47,1,0
BRDA:426,48,0,0
BRDA:426,48,1,0
BRDA:426,49,0,0
BRDA:426,49,1,0
BRDA:434,50,0,0
BRDA:434,50,1,0
BRDA:434,51,0,0
BRDA:434,51,1,0
BRDA:439,52,0,0
BRDA:439,52,1,0
BRDA:439,53,0,0
BRDA:439,53,1,0
BRDA:442,54,0,0
BRDA:442,54,1,0
BRDA:489,55,0,0
BRDA:489,55,1,0
BRDA:524,56,0,0
BRDA:524,56,1,0
BRF:126
BRH:0
end_of_record
TN:
SF:src\features\admin\api\adminApi.ts
FN:58,(anonymous_0)
FN:61,(anonymous_1)
FN:72,(anonymous_2)
FN:90,(anonymous_3)
FN:106,(anonymous_4)
FN:113,(anonymous_5)
FN:127,(anonymous_6)
FN:149,(anonymous_7)
FN:165,(anonymous_8)
FN:178,(anonymous_9)
FN:191,(anonymous_10)
FN:212,(anonymous_11)
FN:220,(anonymous_12)
FN:230,(anonymous_13)
FN:243,(anonymous_14)
FN:251,(anonymous_15)
FN:259,(anonymous_16)
FN:275,(anonymous_17)
FN:283,(anonymous_18)
FN:292,(anonymous_19)
FN:307,(anonymous_20)
FN:318,(anonymous_21)
FNF:22
FNH:0
FNDA:0,(anonymous_0)
FNDA:0,(anonymous_1)
FNDA:0,(anonymous_2)
FNDA:0,(anonymous_3)
FNDA:0,(anonymous_4)
FNDA:0,(anonymous_5)
FNDA:0,(anonymous_6)
FNDA:0,(anonymous_7)
FNDA:0,(anonymous_8)
FNDA:0,(anonymous_9)
FNDA:0,(anonymous_10)
FNDA:0,(anonymous_11)
FNDA:0,(anonymous_12)
FNDA:0,(anonymous_13)
FNDA:0,(anonymous_14)
FNDA:0,(anonymous_15)
FNDA:0,(anonymous_16)
FNDA:0,(anonymous_17)
FNDA:0,(anonymous_18)
FNDA:0,(anonymous_19)
FNDA:0,(anonymous_20)
FNDA:0,(anonymous_21)
DA:58,0
DA:59,0
DA:61,0
DA:62,0
DA:63,0
DA:66,0
DA:69,0
DA:72,0
DA:75,0
DA:76,0
DA:79,0
DA:80,0
DA:83,0
DA:84,0
DA:87,0
DA:90,0
DA:91,0
DA:99,0
DA:103,0
DA:106,0
DA:107,0
DA:110,0
DA:113,0
DA:114,0
DA:124,0
DA:127,0
DA:130,0
DA:137,0
DA:141,0
DA:144,0
DA:150,0
DA:156,0
DA:158,0
DA:166,0
DA:171,0
DA:179,0
DA:195,0
DA:196,0
DA:197,0
DA:200,0
DA:201,0
DA:202,0
DA:205,0
DA:213,0
DA:221,0
DA:234,0
DA:244,0
DA:252,0
DA:263,0
DA:276,0
DA:284,0
DA:285,0
DA:296,0
DA:297,0
DA:298,0
DA:308,0
DA:311,0
DA:319,0
DA:320,0
LF:59
LH:0
BRDA:62,0,0,0
BRDA:62,0,1,0
BRDA:62,1,0,0
BRDA:62,1,1,0
BRDA:62,1,2,0
BRDA:75,2,0,0
BRDA:75,2,1,0
BRDA:75,3,0,0
BRDA:75,3,1,0
BRDA:79,4,0,0
BRDA:79,4,1,0
BRDA:83,5,0,0
BRDA:83,5,1,0
BRDA:90,6,0,0
BRDA:95,7,0,0
BRDA:95,7,1,0
BRDA:96,8,0,0
BRDA:96,8,1,0
BRDA:113,9,0,0
BRDA:118,10,0,0
BRDA:118,10,1,0
BRDA:119,11,0,0
BRDA:119,11,1,0
BRDA:128,12,0,0
BRDA:131,13,0,0
BRDA:131,13,1,0
BRDA:132,14,0,0
BRDA:132,14,1,0
BRDA:178,15,0,0
BRDA:180,16,0,0
BRDA:180,16,1,0
BRDA:181,17,0,0
BRDA:181,17,1,0
BRDA:195,18,0,0
BRDA:195,18,1,0
BRDA:200,19,0,0
BRDA:200,19,1,0
BRF:37
BRH:0
end_of_record
TN:
SF:src\features\admin\components\AdminEmptyState.tsx
FN:11,(anonymous_0)
FNF:1
FNH:1
FNDA:1,(anonymous_0)
DA:11,2
DA:17,1
LF:2
LH:2
BRDA:28,0,0,1
BRDA:28,0,1,0
BRF:2
BRH:1
end_of_record
TN:
SF:src\features\admin\components\AdminErrorBanner.tsx
FN:12,(anonymous_0)
FNF:1
FNH:1
FNDA:2,(anonymous_0)
DA:12,2
DA:17,2
DA:19,2
DA:20,2
DA:23,0
LF:5
LH:4
BRDA:19,0,0,2
BRDA:19,0,1,0
BRDA:28,1,0,0
BRDA:28,1,1,0
BRF:4
BRH:1
end_of_record
TN:
SF:src\features\admin\components\AdminFilterChips.tsx
FN:15,(anonymous_0)
FN:30,(anonymous_1)
FN:34,(anonymous_2)
FNF:3
FNH:3
FNDA:3,(anonymous_0)
FNDA:8,(anonymous_1)
FNDA:1,(anonymous_2)
DA:15,3
DA:21,3
DA:31,8
DA:34,1
LF:4
LH:4
BRDA:23,0,0,2
BRDA:23,0,1,1
BRDA:38,1,0,3
BRDA:38,1,1,5
BRF:4
BRH:4
end_of_record
TN:
SF:src\features\admin\components\AdminPageHeader.tsx
FN:16,(anonymous_0)
FNF:1
FNH:1
FNDA:2,(anonymous_0)
DA:12,2
DA:16,2
DA:23,2
LF:3
LH:3
BRDA:27,0,0,2
BRDA:27,0,1,2
BRDA:30,1,0,2
BRDA:30,1,1,0
BRDA:35,2,0,0
BRDA:35,2,1,2
BRDA:38,3,0,0
BRDA:38,3,1,2
BRF:8
BRH:5
end_of_record
TN:
SF:src\features\admin\components\AdminPageLayout.tsx
FN:45,(anonymous_0)
FN:64,(anonymous_1)
FNF:2
FNH:2
FNDA:3,(anonymous_0)
FNDA:5,(anonymous_1)
DA:24,2
DA:30,2
DA:34,2
DA:38,2
DA:45,2
DA:50,3
DA:64,2
DA:73,5
LF:8
LH:8
BRDA:47,0,0,2
BRDA:71,1,0,1
BRDA:75,2,0,5
BRDA:75,2,1,0
BRDA:75,2,2,0
BRDA:75,2,3,5
BRDA:78,3,0,5
BRDA:78,3,1,0
BRDA:83,4,0,5
BRDA:83,4,1,0
BRDA:89,5,0,0
BRDA:89,5,1,5
BRF:12
BRH:7
end_of_record
TN:
SF:src\features\admin\constants\categoryIcons.ts
FNF:0
FNH:0
DA:24,0
LF:1
LH:0
BRF:0
BRH:0
end_of_record
TN:
SF:src\features\admin\constants\filterOptions.ts
FNF:0
FNH:0
DA:17,1
DA:26,1
DA:36,1
DA:46,1
DA:48,1
DA:55,1
LF:6
LH:6
BRF:0
BRH:0
end_of_record
TN:
SF:src\features\admin\constants\placeManagement.ts
FN:38,(anonymous_0)
FNF:1
FNH:0
FNDA:0,(anonymous_0)
DA:4,0
DA:38,0
LF:2
LH:0
BRF:0
BRH:0
end_of_record
TN:
SF:src\features\admin\constants\statusConfigs.ts
FNF:0
FNH:0
DA:12,1
DA:30,1
DA:43,1
DA:69,1
DA:92,1
DA:99,1
LF:6
LH:6
BRF:0
BRH:0
end_of_record
TN:
SF:src\features\admin\hooks\useAdminDashboard.ts
FN:20,(anonymous_0)
FN:28,(anonymous_1)
FN:52,(anonymous_2)
FN:56,(anonymous_3)
FNF:4
FNH:0
FNDA:0,(anonymous_0)
FNDA:0,(anonymous_1)
FNDA:0,(anonymous_2)
FNDA:0,(anonymous_3)
DA:20,0
DA:21,0
DA:22,0
DA:23,0
DA:24,0
DA:25,0
DA:26,0
DA:28,0
DA:29,0
DA:30,0
DA:32,0
DA:33,0
DA:38,0
DA:40,0
DA:41,0
DA:43,0
DA:44,0
DA:46,0
DA:47,0
DA:52,0
DA:53,0
DA:54,0
DA:56,0
DA:57,0
DA:61,0
LF:25
LH:0
BRDA:38,0,0,0
BRDA:38,0,1,0
BRDA:43,1,0,0
BRDA:43,1,1,0
BRDA:46,2,0,0
BRDA:46,2,1,0
BRF:6
BRH:0
end_of_record
TN:
SF:src\features\admin\hooks\useManageCategories.ts
FN:41,(anonymous_0)
FN:58,(anonymous_1)
FN:76,(anonymous_2)
FN:80,(anonymous_3)
FN:85,(anonymous_4)
FN:90,(anonymous_5)
FN:103,(anonymous_6)
FN:104,(anonymous_7)
FN:112,(anonymous_8)
FN:117,(anonymous_9)
FN:124,(anonymous_10)
FN:153,(anonymous_11)
FN:154,(anonymous_12)
FN:165,(anonymous_13)
FN:170,(anonymous_14)
FN:175,(anonymous_15)
FN:189,(anonymous_16)
FN:206,(anonymous_17)
FNF:18
FNH:0
FNDA:0,(anonymous_0)
FNDA:0,(anonymous_1)
FNDA:0,(anonymous_2)
FNDA:0,(anonymous_3)
FNDA:0,(anonymous_4)
FNDA:0,(anonymous_5)
FNDA:0,(anonymous_6)
FNDA:0,(anonymous_7)
FNDA:0,(anonymous_8)
FNDA:0,(anonymous_9)
FNDA:0,(anonymous_10)
FNDA:0,(anonymous_11)
FNDA:0,(anonymous_12)
FNDA:0,(anonymous_13)
FNDA:0,(anonymous_14)
FNDA:0,(anonymous_15)
FNDA:0,(anonymous_16)
FNDA:0,(anonymous_17)
DA:41,0
DA:42,0
DA:43,0
DA:44,0
DA:45,0
DA:46,0
DA:49,0
DA:50,0
DA:51,0
DA:52,0
DA:53,0
DA:54,0
DA:55,0
DA:56,0
DA:58,0
DA:59,0
DA:60,0
DA:62,0
DA:63,0
DA:64,0
DA:65,0
DA:67,0
DA:68,0
DA:70,0
DA:71,0
DA:76,0
DA:77,0
DA:78,0
DA:80,0
DA:81,0
DA:85,0
DA:86,0
DA:87,0
DA:90,0
DA:91,0
DA:93,0
DA:95,0
DA:96,0
DA:97,0
DA:99,0
DA:100,0
DA:101,0
DA:103,0
DA:104,0
DA:107,0
DA:108,0
DA:110,0
DA:111,0
DA:112,0
DA:117,0
DA:118,0
DA:119,0
DA:120,0
DA:121,0
DA:124,0
DA:125,0
DA:127,0
DA:128,0
DA:129,0
DA:132,0
DA:133,0
DA:134,0
DA:137,0
DA:138,0
DA:141,0
DA:142,0
DA:143,0
DA:145,0
DA:146,0
DA:151,0
DA:153,0
DA:154,0
DA:155,0
DA:158,0
DA:160,0
DA:161,0
DA:163,0
DA:164,0
DA:165,0
DA:170,0
DA:171,0
DA:172,0
DA:175,0
DA:176,0
DA:178,0
DA:179,0
DA:180,0
DA:183,0
DA:184,0
DA:185,0
DA:188,0
DA:189,0
DA:191,0
DA:192,0
DA:193,0
DA:196,0
DA:198,0
DA:206,0
DA:207,0
DA:208,0
DA:209,0
DA:212,0
LF:102
LH:0
BRDA:64,0,0,0
BRDA:64,0,1,0
BRDA:67,1,0,0
BRDA:67,1,1,0
BRDA:70,2,0,0
BRDA:70,2,1,0
BRDA:86,3,0,0
BRDA:86,3,1,0
BRDA:91,4,0,0
BRDA:91,4,1,0
BRDA:93,5,0,0
BRDA:93,5,1,0
BRDA:101,6,0,0
BRDA:101,6,1,0
BRDA:104,7,0,0
BRDA:104,7,1,0
BRDA:107,8,0,0
BRDA:107,8,1,0
BRDA:111,9,0,0
BRDA:111,9,1,0
BRDA:112,10,0,0
BRDA:112,10,1,0
BRDA:121,11,0,0
BRDA:121,11,1,0
BRDA:127,12,0,0
BRDA:127,12,1,0
BRDA:132,13,0,0
BRDA:132,13,1,0
BRDA:137,14,0,0
BRDA:137,14,1,0
BRDA:151,15,0,0
BRDA:151,15,1,0
BRDA:155,16,0,0
BRDA:155,16,1,0
BRDA:160,17,0,0
BRDA:160,17,1,0
BRDA:164,18,0,0
BRDA:164,18,1,0
BRDA:165,19,0,0
BRDA:165,19,1,0
BRDA:178,20,0,0
BRDA:178,20,1,0
BRDA:183,21,0,0
BRDA:183,21,1,0
BRDA:191,22,0,0
BRDA:191,22,1,0
BRF:46
BRH:0
end_of_record
TN:
SF:src\features\admin\hooks\useManagePlaces.ts
FN:81,(anonymous_0)
FN:105,(anonymous_1)
FN:106,(anonymous_2)
FN:111,(anonymous_3)
FN:112,(anonymous_4)
FN:112,(anonymous_5)
FN:115,(anonymous_6)
FN:118,(anonymous_7)
FN:138,(anonymous_8)
FN:142,(anonymous_9)
FN:144,(anonymous_10)
FN:149,(anonymous_11)
FN:154,(anonymous_12)
FN:155,(anonymous_13)
FN:157,(anonymous_14)
FN:157,(anonymous_15)
FN:159,(anonymous_16)
FN:166,(anonymous_17)
FN:170,(anonymous_18)
FN:174,(anonymous_19)
FN:190,(anonymous_20)
FN:191,(anonymous_21)
FN:218,(anonymous_22)
FN:231,(anonymous_23)
FN:231,(anonymous_24)
FN:249,(anonymous_25)
FN:293,(anonymous_26)
FNF:27
FNH:0
FNDA:0,(anonymous_0)
FNDA:0,(anonymous_1)
FNDA:0,(anonymous_2)
FNDA:0,(anonymous_3)
FNDA:0,(anonymous_4)
FNDA:0,(anonymous_5)
FNDA:0,(anonymous_6)
FNDA:0,(anonymous_7)
FNDA:0,(anonymous_8)
FNDA:0,(anonymous_9)
FNDA:0,(anonymous_10)
FNDA:0,(anonymous_11)
FNDA:0,(anonymous_12)
FNDA:0,(anonymous_13)
FNDA:0,(anonymous_14)
FNDA:0,(anonymous_15)
FNDA:0,(anonymous_16)
FNDA:0,(anonymous_17)
FNDA:0,(anonymous_18)
FNDA:0,(anonymous_19)
FNDA:0,(anonymous_20)
FNDA:0,(anonymous_21)
FNDA:0,(anonymous_22)
FNDA:0,(anonymous_23)
FNDA:0,(anonymous_24)
FNDA:0,(anonymous_25)
FNDA:0,(anonymous_26)
DA:81,0
DA:82,0
DA:83,0
DA:84,0
DA:85,0
DA:86,0
DA:87,0
DA:89,0
DA:90,0
DA:91,0
DA:92,0
DA:93,0
DA:94,0
DA:95,0
DA:99,0
DA:100,0
DA:101,0
DA:102,0
DA:103,0
DA:105,0
DA:106,0
DA:107,0
DA:111,0
DA:112,0
DA:115,0
DA:116,0
DA:118,0
DA:119,0
DA:120,0
DA:122,0
DA:123,0
DA:125,0
DA:127,0
DA:129,0
DA:130,0
DA:132,0
DA:133,0
DA:138,0
DA:139,0
DA:140,0
DA:142,0
DA:143,0
DA:144,0
DA:145,0
DA:149,0
DA:153,0
DA:154,0
DA:155,0
DA:156,0
DA:157,0
DA:158,0
DA:159,0
DA:163,0
DA:166,0
DA:167,0
DA:170,0
DA:171,0
DA:174,0
DA:178,0
DA:179,0
DA:182,0
DA:183,0
DA:184,0
DA:186,0
DA:187,0
DA:188,0
DA:190,0
DA:191,0
DA:193,0
DA:197,0
DA:198,0
DA:203,0
DA:206,0
DA:207,0
DA:208,0
DA:209,0
DA:211,0
DA:212,0
DA:213,0
DA:218,0
DA:219,0
DA:220,0
DA:223,0
DA:224,0
DA:225,0
DA:227,0
DA:228,0
DA:229,0
DA:231,0
DA:232,0
DA:237,0
DA:238,0
DA:239,0
DA:240,0
DA:242,0
DA:243,0
DA:244,0
DA:249,0
DA:250,0
DA:251,0
DA:254,0
DA:255,0
DA:256,0
DA:257,0
DA:258,0
DA:261,0
DA:262,0
DA:263,0
DA:265,0
DA:266,0
DA:267,0
DA:269,0
DA:275,0
DA:276,0
DA:277,0
DA:278,0
DA:279,0
DA:281,0
DA:282,0
DA:283,0
DA:284,0
DA:286,0
DA:287,0
DA:292,0
DA:293,0
DA:297,0
LF:126
LH:0
BRDA:107,0,0,0
BRDA:107,0,1,0
BRDA:125,1,0,0
BRDA:125,1,1,0
BRDA:129,2,0,0
BRDA:129,2,1,0
BRDA:132,3,0,0
BRDA:132,3,1,0
BRDA:151,4,0,0
BRDA:156,5,0,0
BRDA:156,5,1,0
BRDA:178,6,0,0
BRDA:178,6,1,0
BRDA:188,7,0,0
BRDA:188,7,1,0
BRDA:191,8,0,0
BRDA:191,8,1,0
BRDA:197,9,0,0
BRDA:197,9,1,0
BRDA:206,10,0,0
BRDA:206,10,1,0
BRDA:212,11,0,0
BRDA:212,11,1,0
BRDA:219,12,0,0
BRDA:219,12,1,0
BRDA:229,13,0,0
BRDA:229,13,1,0
BRDA:237,14,0,0
BRDA:237,14,1,0
BRDA:243,15,0,0
BRDA:243,15,1,0
BRDA:250,16,0,0
BRDA:250,16,1,0
BRDA:256,17,0,0
BRDA:256,17,1,0
BRDA:267,18,0,0
BRDA:267,18,1,0
BRDA:281,19,0,0
BRDA:281,19,1,0
BRDA:286,20,0,0
BRDA:286,20,1,0
BRF:41
BRH:0
end_of_record
TN:
SF:src\features\admin\hooks\useManageReviews.ts
FN:46,(anonymous_0)
FN:59,(anonymous_1)
FN:60,(anonymous_2)
FN:65,(anonymous_3)
FN:66,(anonymous_4)
FN:66,(anonymous_5)
FN:69,(anonymous_6)
FN:87,(anonymous_7)
FN:91,(anonymous_8)
FN:96,(anonymous_9)
FN:112,(anonymous_10)
FN:113,(anonymous_11)
FN:126,(anonymous_12)
FN:138,(anonymous_13)
FN:138,(anonymous_14)
FN:151,(anonymous_15)
FNF:16
FNH:0
FNDA:0,(anonymous_0)
FNDA:0,(anonymous_1)
FNDA:0,(anonymous_2)
FNDA:0,(anonymous_3)
FNDA:0,(anonymous_4)
FNDA:0,(anonymous_5)
FNDA:0,(anonymous_6)
FNDA:0,(anonymous_7)
FNDA:0,(anonymous_8)
FNDA:0,(anonymous_9)
FNDA:0,(anonymous_10)
FNDA:0,(anonymous_11)
FNDA:0,(anonymous_12)
FNDA:0,(anonymous_13)
FNDA:0,(anonymous_14)
FNDA:0,(anonymous_15)
DA:46,0
DA:47,0
DA:48,0
DA:49,0
DA:50,0
DA:51,0
DA:52,0
DA:54,0
DA:55,0
DA:56,0
DA:57,0
DA:59,0
DA:60,0
DA:61,0
DA:65,0
DA:66,0
DA:69,0
DA:70,0
DA:71,0
DA:73,0
DA:74,0
DA:75,0
DA:76,0
DA:78,0
DA:79,0
DA:81,0
DA:82,0
DA:87,0
DA:88,0
DA:89,0
DA:91,0
DA:92,0
DA:96,0
DA:100,0
DA:101,0
DA:104,0
DA:105,0
DA:106,0
DA:108,0
DA:109,0
DA:110,0
DA:112,0
DA:113,0
DA:116,0
DA:117,0
DA:119,0
DA:120,0
DA:121,0
DA:126,0
DA:127,0
DA:128,0
DA:131,0
DA:132,0
DA:133,0
DA:135,0
DA:136,0
DA:137,0
DA:138,0
DA:140,0
DA:141,0
DA:143,0
DA:144,0
DA:145,0
DA:150,0
DA:151,0
DA:155,0
LF:66
LH:0
BRDA:61,0,0,0
BRDA:61,0,1,0
BRDA:75,1,0,0
BRDA:75,1,1,0
BRDA:78,2,0,0
BRDA:78,2,1,0
BRDA:81,3,0,0
BRDA:81,3,1,0
BRDA:100,4,0,0
BRDA:100,4,1,0
BRDA:110,5,0,0
BRDA:110,5,1,0
BRDA:113,6,0,0
BRDA:113,6,1,0
BRDA:116,7,0,0
BRDA:116,7,1,0
BRDA:120,8,0,0
BRDA:120,8,1,0
BRDA:127,9,0,0
BRDA:127,9,1,0
BRDA:137,10,0,0
BRDA:137,10,1,0
BRDA:140,11,0,0
BRDA:140,11,1,0
BRDA:144,12,0,0
BRDA:144,12,1,0
BRF:26
BRH:0
end_of_record
TN:
SF:src\features\admin\hooks\useManageUsers.ts
FN:64,(anonymous_0)
FN:90,(anonymous_1)
FN:123,(anonymous_2)
FN:157,(anonymous_3)
FN:165,(anonymous_4)
FN:170,(anonymous_5)
FN:186,(anonymous_6)
FN:187,(anonymous_7)
FN:196,(anonymous_8)
FN:201,(anonymous_9)
FN:204,(anonymous_10)
FN:207,(anonymous_11)
FN:221,(anonymous_12)
FN:226,(anonymous_13)
FN:234,(anonymous_14)
FN:239,(anonymous_15)
FN:253,(anonymous_16)
FN:258,(anonymous_17)
FNF:18
FNH:12
FNDA:10,(anonymous_0)
FNDA:4,(anonymous_1)
FNDA:4,(anonymous_2)
FNDA:4,(anonymous_3)
FNDA:4,(anonymous_4)
FNDA:1,(anonymous_5)
FNDA:1,(anonymous_6)
FNDA:1,(anonymous_7)
FNDA:1,(anonymous_8)
FNDA:7,(anonymous_9)
FNDA:0,(anonymous_10)
FNDA:0,(anonymous_11)
FNDA:0,(anonymous_12)
FNDA:0,(anonymous_13)
FNDA:0,(anonymous_14)
FNDA:0,(anonymous_15)
FNDA:1,(anonymous_16)
FNDA:1,(anonymous_17)
DA:56,1
DA:57,1
DA:64,1
DA:65,10
DA:66,10
DA:67,10
DA:68,10
DA:69,10
DA:72,10
DA:73,10
DA:74,10
DA:75,10
DA:78,10
DA:79,10
DA:80,10
DA:81,10
DA:82,10
DA:83,10
DA:84,10
DA:85,10
DA:86,10
DA:87,10
DA:89,10
DA:95,4
DA:96,4
DA:98,4
DA:99,4
DA:101,4
DA:102,4
DA:109,4
DA:113,0
DA:116,4
DA:117,4
DA:122,4
DA:123,4
DA:124,4
DA:125,4
DA:128,0
DA:133,4
DA:134,4
DA:135,4
DA:136,4
DA:137,4
DA:138,4
DA:140,0
DA:144,0
DA:147,0
DA:149,4
DA:150,4
DA:157,10
DA:158,4
DA:159,4
DA:165,4
DA:166,4
DA:170,10
DA:174,1
DA:175,0
DA:178,1
DA:179,1
DA:180,1
DA:182,1
DA:183,1
DA:184,1
DA:186,1
DA:187,1
DA:189,1
DA:191,0
DA:192,0
DA:194,1
DA:195,1
DA:196,1
DA:201,10
DA:203,10
DA:205,0
DA:207,0
DA:208,0
DA:209,0
DA:212,0
DA:221,10
DA:222,0
DA:223,0
DA:226,10
DA:227,0
DA:234,10
DA:235,0
DA:236,0
DA:239,0
DA:240,0
DA:242,0
DA:243,0
DA:246,0
DA:253,10
DA:254,1
DA:255,0
DA:258,1
DA:259,1
DA:261,1
DA:262,0
DA:265,1
DA:272,10
LF:100
LH:75
BRDA:109,0,0,0
BRDA:109,0,1,4
BRDA:110,1,0,4
BRDA:110,1,1,4
BRDA:124,2,0,4
BRDA:124,2,1,0
BRDA:140,3,0,0
BRDA:140,3,1,0
BRDA:141,4,0,0
BRDA:141,4,1,0
BRDA:149,5,0,4
BRDA:149,5,1,0
BRDA:149,6,0,4
BRDA:149,6,1,4
BRDA:174,7,0,0
BRDA:174,7,1,1
BRDA:184,8,0,0
BRDA:184,8,1,1
BRDA:187,9,0,1
BRDA:187,9,1,0
BRDA:191,10,0,0
BRDA:191,10,1,0
BRDA:195,11,0,1
BRDA:195,11,1,0
BRDA:196,12,0,1
BRDA:196,12,1,0
BRDA:208,13,0,0
BRDA:208,13,1,0
BRDA:235,14,0,0
BRDA:235,14,1,0
BRDA:235,15,0,0
BRDA:235,15,1,0
BRDA:242,16,0,0
BRDA:242,16,1,0
BRDA:254,17,0,0
BRDA:254,17,1,1
BRDA:254,18,0,1
BRDA:254,18,1,1
BRDA:261,19,0,0
BRDA:261,19,1,1
BRF:40
BRH:16
end_of_record
TN:
SF:src\features\admin\hooks\useSystemSettings.ts
FN:30,(anonymous_0)
FN:42,(anonymous_1)
FN:62,(anonymous_2)
FN:66,(anonymous_3)
FN:75,(anonymous_4)
FN:81,(anonymous_5)
FN:87,(anonymous_6)
FN:97,(anonymous_7)
FN:117,(anonymous_8)
FNF:9
FNH:0
FNDA:0,(anonymous_0)
FNDA:0,(anonymous_1)
FNDA:0,(anonymous_2)
FNDA:0,(anonymous_3)
FNDA:0,(anonymous_4)
FNDA:0,(anonymous_5)
FNDA:0,(anonymous_6)
FNDA:0,(anonymous_7)
FNDA:0,(anonymous_8)
DA:30,0
DA:31,0
DA:32,0
DA:33,0
DA:34,0
DA:35,0
DA:36,0
DA:37,0
DA:38,0
DA:39,0
DA:40,0
DA:42,0
DA:43,0
DA:44,0
DA:46,0
DA:47,0
DA:48,0
DA:50,0
DA:51,0
DA:53,0
DA:54,0
DA:56,0
DA:57,0
DA:62,0
DA:63,0
DA:64,0
DA:66,0
DA:67,0
DA:68,0
DA:69,0
DA:70,0
DA:75,0
DA:79,0
DA:80,0
DA:81,0
DA:82,0
DA:83,0
DA:87,0
DA:88,0
DA:89,0
DA:92,0
DA:97,0
DA:98,0
DA:99,0
DA:102,0
DA:103,0
DA:104,0
DA:106,0
DA:107,0
DA:108,0
DA:110,0
DA:111,0
DA:113,0
DA:114,0
DA:117,0
DA:118,0
DA:119,0
DA:122,0
DA:123,0
DA:125,0
DA:126,0
DA:127,0
DA:132,0
LF:63
LH:0
BRDA:48,0,0,0
BRDA:48,0,1,0
BRDA:53,1,0,0
BRDA:53,1,1,0
BRDA:56,2,0,0
BRDA:56,2,1,0
BRDA:68,3,0,0
BRDA:68,3,1,0
BRDA:82,4,0,0
BRDA:82,4,1,0
BRDA:88,5,0,0
BRDA:88,5,1,0
BRDA:88,6,0,0
BRDA:88,6,1,0
BRDA:98,7,0,0
BRDA:98,7,1,0
BRDA:98,8,0,0
BRDA:98,8,1,0
BRDA:98,8,2,0
BRDA:98,8,3,0
BRDA:108,9,0,0
BRDA:108,9,1,0
BRDA:113,10,0,0
BRDA:113,10,1,0
BRDA:118,11,0,0
BRDA:118,11,1,0
BRDA:122,12,0,0
BRDA:122,12,1,0
BRDA:126,13,0,0
BRDA:126,13,1,0
BRF:30
BRH:0
end_of_record
TN:
SF:src\features\admin\pages\AdminDashboardPage.tsx
FN:49,(anonymous_0)
FN:54,(anonymous_1)
FN:80,(anonymous_2)
FN:171,(anonymous_3)
FN:184,(anonymous_4)
FN:206,(anonymous_5)
FN:243,(anonymous_6)
FNF:7
FNH:0
FNDA:0,(anonymous_0)
FNDA:0,(anonymous_1)
FNDA:0,(anonymous_2)
FNDA:0,(anonymous_3)
FNDA:0,(anonymous_4)
FNDA:0,(anonymous_5)
FNDA:0,(anonymous_6)
DA:29,0
DA:35,0
DA:42,0
DA:49,0
DA:50,0
DA:51,0
DA:53,0
DA:55,0
DA:64,0
DA:65,0
DA:74,0
DA:75,0
DA:81,0
DA:88,0
DA:139,0
DA:142,0
DA:144,0
DA:151,0
DA:152,0
DA:154,0
DA:172,0
DA:185,0
DA:207,0
DA:244,0
DA:246,0
DA:248,0
LF:26
LH:0
BRDA:64,0,0,0
BRDA:64,0,1,0
BRDA:74,1,0,0
BRDA:74,1,1,0
BRDA:79,2,0,0
BRDA:79,2,1,0
BRDA:140,3,0,0
BRDA:140,3,1,0
BRDA:144,4,0,0
BRDA:144,4,1,0
BRDA:146,5,0,0
BRDA:146,5,1,0
BRDA:148,6,0,0
BRDA:148,6,1,0
BRDA:150,7,0,0
BRDA:150,7,1,0
BRDA:235,8,0,0
BRDA:235,8,1,0
BRDA:244,9,0,0
BRDA:244,9,1,0
BRDA:246,10,0,0
BRDA:246,10,1,0
BRDA:289,11,0,0
BRDA:289,11,1,0
BRDA:296,12,0,0
BRDA:296,12,1,0
BRF:26
BRH:0
end_of_record
TN:
SF:src\features\admin\pages\ManageCategoriesPage.tsx
FN:40,(anonymous_0)
FN:43,(anonymous_1)
FN:56,(anonymous_2)
FN:83,(anonymous_3)
FN:86,(anonymous_4)
FN:111,(anonymous_5)
FN:125,(anonymous_6)
FN:145,(anonymous_7)
FN:162,(anonymous_8)
FN:177,(anonymous_9)
FN:185,(anonymous_10)
FN:206,(anonymous_11)
FN:236,(anonymous_12)
FN:238,(anonymous_13)
FN:245,(anonymous_14)
FN:262,(anonymous_15)
FN:270,(anonymous_16)
FN:281,(anonymous_17)
FN:328,(anonymous_18)
FN:341,(anonymous_19)
FNF:20
FNH:0
FNDA:0,(anonymous_0)
FNDA:0,(anonymous_1)
FNDA:0,(anonymous_2)
FNDA:0,(anonymous_3)
FNDA:0,(anonymous_4)
FNDA:0,(anonymous_5)
FNDA:0,(anonymous_6)
FNDA:0,(anonymous_7)
FNDA:0,(anonymous_8)
FNDA:0,(anonymous_9)
FNDA:0,(anonymous_10)
FNDA:0,(anonymous_11)
FNDA:0,(anonymous_12)
FNDA:0,(anonymous_13)
FNDA:0,(anonymous_14)
FNDA:0,(anonymous_15)
FNDA:0,(anonymous_16)
FNDA:0,(anonymous_17)
FNDA:0,(anonymous_18)
FNDA:0,(anonymous_19)
DA:39,0
DA:40,0
DA:43,0
DA:50,0
DA:51,0
DA:56,0
DA:57,0
DA:80,0
DA:82,0
DA:83,0
DA:86,0
DA:87,0
DA:89,0
DA:90,0
DA:99,0
DA:111,0
DA:126,0
DA:145,0
DA:163,0
DA:164,0
DA:165,0
DA:178,0
DA:185,0
DA:207,0
DA:209,0
DA:236,0
DA:239,0
DA:245,0
DA:262,0
DA:271,0
DA:281,0
DA:328,0
DA:341,0
LF:33
LH:0
BRDA:50,0,0,0
BRDA:50,0,1,0
BRDA:89,1,0,0
BRDA:89,1,1,0
BRDA:131,2,0,0
BRDA:131,2,1,0
BRDA:188,3,0,0
BRDA:188,3,1,0
BRDA:214,4,0,0
BRDA:214,4,1,0
BRDA:226,5,0,0
BRDA:226,5,1,0
BRDA:231,6,0,0
BRDA:231,6,1,0
BRDA:239,7,0,0
BRDA:239,7,1,0
BRDA:248,8,0,0
BRDA:248,8,1,0
BRDA:285,9,0,0
BRDA:285,9,1,0
BRDA:316,10,0,0
BRDA:316,10,1,0
BRDA:324,11,0,0
BRDA:324,11,1,0
BRDA:344,12,0,0
BRDA:344,12,1,0
BRDA:349,13,0,0
BRDA:349,13,1,0
BRDA:359,14,0,0
BRDA:359,14,1,0
BRF:30
BRH:0
end_of_record
TN:
SF:src\features\admin\pages\ManagePlacesPage.tsx
FN:72,(anonymous_0)
FN:105,(anonymous_1)
FN:106,(anonymous_2)
FN:116,(anonymous_3)
FN:120,(anonymous_4)
FN:125,(anonymous_5)
FN:134,(anonymous_6)
FN:142,(anonymous_7)
FN:143,(anonymous_8)
FN:166,(anonymous_9)
FN:182,(anonymous_10)
FN:197,(anonymous_11)
FN:197,(anonymous_12)
FN:388,(anonymous_13)
FN:389,(anonymous_14)
FN:461,(anonymous_15)
FN:508,(anonymous_16)
FN:537,(anonymous_17)
FN:597,(anonymous_18)
FN:609,(anonymous_19)
FN:629,(anonymous_20)
FN:641,(anonymous_21)
FN:683,(anonymous_22)
FNF:23
FNH:0
FNDA:0,(anonymous_0)
FNDA:0,(anonymous_1)
FNDA:0,(anonymous_2)
FNDA:0,(anonymous_3)
FNDA:0,(anonymous_4)
FNDA:0,(anonymous_5)
FNDA:0,(anonymous_6)
FNDA:0,(anonymous_7)
FNDA:0,(anonymous_8)
FNDA:0,(anonymous_9)
FNDA:0,(anonymous_10)
FNDA:0,(anonymous_11)
FNDA:0,(anonymous_12)
FNDA:0,(anonymous_13)
FNDA:0,(anonymous_14)
FNDA:0,(anonymous_15)
FNDA:0,(anonymous_16)
FNDA:0,(anonymous_17)
FNDA:0,(anonymous_18)
FNDA:0,(anonymous_19)
FNDA:0,(anonymous_20)
FNDA:0,(anonymous_21)
FNDA:0,(anonymous_22)
DA:62,0
DA:72,0
DA:73,0
DA:74,0
DA:75,0
DA:102,0
DA:104,0
DA:106,0
DA:116,0
DA:117,0
DA:120,0
DA:121,0
DA:123,0
DA:124,0
DA:126,0
DA:134,0
DA:135,0
DA:136,0
DA:141,0
DA:142,0
DA:143,0
DA:148,0
DA:149,0
DA:150,0
DA:152,0
DA:153,0
DA:158,0
DA:167,0
DA:183,0
DA:197,0
DA:389,0
DA:462,0
DA:463,0
DA:508,0
DA:538,0
DA:539,0
DA:540,0
DA:542,0
DA:597,0
DA:610,0
DA:630,0
DA:642,0
DA:684,0
LF:43
LH:0
BRDA:109,0,0,0
BRDA:109,0,1,0
BRDA:123,1,0,0
BRDA:123,1,1,0
BRDA:135,2,0,0
BRDA:135,2,1,0
BRDA:152,3,0,0
BRDA:152,3,1,0
BRDA:199,4,0,0
BRDA:199,4,1,0
BRDA:203,5,0,0
BRDA:203,5,1,0
BRDA:208,6,0,0
BRDA:208,6,1,0
BRDA:215,7,0,0
BRDA:215,7,1,0
BRDA:254,8,0,0
BRDA:254,8,1,0
BRDA:260,9,0,0
BRDA:260,9,1,0
BRDA:267,10,0,0
BRDA:267,10,1,0
BRDA:275,11,0,0
BRDA:275,11,1,0
BRDA:310,12,0,0
BRDA:310,12,1,0
BRDA:396,13,0,0
BRDA:396,13,1,0
BRDA:403,14,0,0
BRDA:403,14,1,0
BRDA:416,15,0,0
BRDA:416,15,1,0
BRDA:425,16,0,0
BRDA:425,16,1,0
BRDA:427,17,0,0
BRDA:427,17,1,0
BRDA:432,18,0,0
BRDA:432,18,1,0
BRDA:438,19,0,0
BRDA:438,19,1,0
BRDA:472,20,0,0
BRDA:472,20,1,0
BRDA:475,21,0,0
BRDA:475,21,1,0
BRDA:530,22,0,0
BRDA:530,22,1,0
BRDA:605,23,0,0
BRDA:605,23,1,0
BRDA:615,24,0,0
BRDA:615,24,1,0
BRDA:624,25,0,0
BRDA:624,25,1,0
BRF:52
BRH:0
end_of_record
TN:
SF:src\features\admin\pages\ManageReviewsPage.tsx
FN:57,(anonymous_0)
FN:75,(anonymous_1)
FN:84,(anonymous_2)
FN:85,(anonymous_3)
FN:95,(anonymous_4)
FN:99,(anonymous_5)
FN:100,(anonymous_6)
FN:101,(anonymous_7)
FN:127,(anonymous_8)
FN:143,(anonymous_9)
FN:172,(anonymous_10)
FN:218,(anonymous_11)
FN:267,(anonymous_12)
FN:290,(anonymous_13)
FN:328,(anonymous_14)
FNF:15
FNH:0
FNDA:0,(anonymous_0)
FNDA:0,(anonymous_1)
FNDA:0,(anonymous_2)
FNDA:0,(anonymous_3)
FNDA:0,(anonymous_4)
FNDA:0,(anonymous_5)
FNDA:0,(anonymous_6)
FNDA:0,(anonymous_7)
FNDA:0,(anonymous_8)
FNDA:0,(anonymous_9)
FNDA:0,(anonymous_10)
FNDA:0,(anonymous_11)
FNDA:0,(anonymous_12)
FNDA:0,(anonymous_13)
FNDA:0,(anonymous_14)
DA:51,0
DA:57,0
DA:58,0
DA:72,0
DA:74,0
DA:76,0
DA:83,0
DA:85,0
DA:95,0
DA:96,0
DA:98,0
DA:99,0
DA:100,0
DA:101,0
DA:106,0
DA:107,0
DA:112,0
DA:128,0
DA:143,0
DA:173,0
DA:174,0
DA:175,0
DA:177,0
DA:219,0
DA:268,0
DA:291,0
DA:328,0
LF:27
LH:0
BRDA:88,0,0,0
BRDA:88,0,1,0
BRDA:106,1,0,0
BRDA:106,1,1,0
BRDA:165,2,0,0
BRDA:165,2,1,0
BRDA:190,3,0,0
BRDA:190,3,1,0
BRDA:223,4,0,0
BRDA:223,4,1,0
BRDA:249,5,0,0
BRDA:249,5,1,0
BRDA:262,6,0,0
BRDA:262,6,1,0
BRDA:262,6,2,0
BRDA:273,7,0,0
BRDA:273,7,1,0
BRDA:286,8,0,0
BRDA:286,8,1,0
BRF:19
BRH:0
end_of_record
TN:
SF:src\features\admin\pages\ManageUsersPage.tsx
FN:42,(anonymous_0)
FN:69,(anonymous_1)
FN:78,(anonymous_2)
FN:79,(anonymous_3)
FN:89,(anonymous_4)
FN:92,(anonymous_5)
FN:95,(anonymous_6)
FN:98,(anonymous_7)
FN:109,(anonymous_8)
FN:118,(anonymous_9)
FN:125,(anonymous_10)
FN:125,(anonymous_11)
FN:152,(anonymous_12)
FN:168,(anonymous_13)
FN:197,(anonymous_14)
FN:271,(anonymous_15)
FN:308,(anonymous_16)
FN:323,(anonymous_17)
FNF:18
FNH:13
FNDA:2,(anonymous_0)
FNDA:2,(anonymous_1)
FNDA:2,(anonymous_2)
FNDA:8,(anonymous_3)
FNDA:1,(anonymous_4)
FNDA:1,(anonymous_5)
FNDA:2,(anonymous_6)
FNDA:0,(anonymous_7)
FNDA:0,(anonymous_8)
FNDA:2,(anonymous_9)
FNDA:2,(anonymous_10)
FNDA:1,(anonymous_11)
FNDA:0,(anonymous_12)
FNDA:1,(anonymous_13)
FNDA:1,(anonymous_14)
FNDA:0,(anonymous_15)
FNDA:0,(anonymous_16)
FNDA:1,(anonymous_17)
DA:42,1
DA:43,2
DA:66,2
DA:68,2
DA:70,2
DA:77,2
DA:79,8
DA:89,2
DA:90,1
DA:92,2
DA:93,1
DA:95,2
DA:96,2
DA:98,2
DA:99,0
DA:100,0
DA:104,0
DA:105,0
DA:109,2
DA:110,0
DA:111,0
DA:115,2
DA:116,2
DA:118,2
DA:119,2
DA:120,2
DA:124,2
DA:125,2
DA:129,2
DA:131,2
DA:132,1
DA:137,1
DA:153,0
DA:168,1
DA:198,1
DA:199,1
DA:200,1
DA:202,1
DA:272,0
DA:309,0
DA:324,1
LF:41
LH:32
BRDA:82,0,0,2
BRDA:82,0,1,6
BRDA:96,1,0,0
BRDA:96,1,1,2
BRDA:104,2,0,0
BRDA:104,2,1,0
BRDA:110,3,0,0
BRDA:110,3,1,0
BRDA:131,4,0,1
BRDA:131,4,1,1
BRDA:131,5,0,2
BRDA:131,5,1,1
BRDA:190,6,0,0
BRDA:190,6,1,1
BRDA:209,7,0,0
BRDA:209,7,1,1
BRDA:273,8,0,0
BRDA:273,8,1,0
BRDA:282,9,0,0
BRDA:282,9,1,1
BRDA:295,10,0,1
BRDA:295,10,1,1
BRDA:304,11,0,1
BRDA:304,11,1,0
BRDA:319,12,0,1
BRDA:319,12,1,1
BRDA:342,13,0,0
BRDA:342,13,1,1
BRDA:359,14,0,0
BRDA:359,14,1,0
BRDA:378,15,0,0
BRDA:378,15,1,0
BRF:32
BRH:16
end_of_record
TN:
SF:src\features\admin\pages\SystemSettingsPage.tsx
FN:29,(anonymous_0)
FN:82,(anonymous_1)
FN:102,(anonymous_2)
FN:123,(anonymous_3)
FN:131,(anonymous_4)
FN:178,(anonymous_5)
FN:194,(anonymous_6)
FN:200,(anonymous_7)
FNF:8
FNH:0
FNDA:0,(anonymous_0)
FNDA:0,(anonymous_1)
FNDA:0,(anonymous_2)
FNDA:0,(anonymous_3)
FNDA:0,(anonymous_4)
FNDA:0,(anonymous_5)
FNDA:0,(anonymous_6)
FNDA:0,(anonymous_7)
DA:29,0
DA:30,0
DA:31,0
DA:42,0
DA:44,0
DA:65,0
DA:66,0
DA:71,0
DA:72,0
DA:83,0
DA:90,0
DA:103,0
DA:124,0
DA:131,0
DA:178,0
DA:194,0
DA:200,0
LF:17
LH:0
BRDA:65,0,0,0
BRDA:65,0,1,0
BRDA:71,1,0,0
BRDA:71,1,1,0
BRDA:81,2,0,0
BRDA:81,2,1,0
BRDA:201,3,0,0
BRDA:201,3,1,0
BRDA:205,4,0,0
BRDA:205,4,1,0
BRDA:207,5,0,0
BRDA:207,5,1,0
BRF:12
BRH:0
end_of_record
TN:
SF:src\features\admin\services\adminDataSource.ts
FN:5,(anonymous_0)
FN:11,(anonymous_1)
FNF:2
FNH:2
FNDA:3,(anonymous_0)
FNDA:3,(anonymous_1)
DA:5,3
DA:6,3
DA:7,2
DA:8,2
DA:11,3
DA:12,3
DA:13,1
DA:16,2
DA:19,3
DA:23,3
LF:10
LH:10
BRDA:6,0,0,1
BRDA:6,0,1,2
BRDA:8,1,0,2
BRDA:8,1,1,1
BRDA:8,1,2,1
BRDA:12,2,0,1
BRDA:12,2,1,2
BRDA:23,3,0,2
BRDA:23,3,1,1
BRF:9
BRH:9
end_of_record
TN:
SF:src\features\admin\services\adminService.ts
FN:34,(anonymous_0)
FN:36,(anonymous_1)
FN:41,(anonymous_2)
FN:43,(anonymous_3)
FN:48,(anonymous_4)
FN:50,(anonymous_5)
FN:55,(anonymous_6)
FN:60,(anonymous_7)
FN:65,(anonymous_8)
FN:67,(anonymous_9)
FN:72,(anonymous_10)
FN:74,(anonymous_11)
FN:79,(anonymous_12)
FN:84,(anonymous_13)
FN:89,(anonymous_14)
FN:91,(anonymous_15)
FN:96,(anonymous_16)
FN:98,(anonymous_17)
FN:103,(anonymous_18)
FN:108,(anonymous_19)
FN:113,(anonymous_20)
FN:115,(anonymous_21)
FN:120,(anonymous_22)
FN:122,(anonymous_23)
FN:127,(anonymous_24)
FN:132,(anonymous_25)
FN:137,(anonymous_26)
FN:139,(anonymous_27)
FN:144,(anonymous_28)
FN:146,(anonymous_29)
FNF:30
FNH:4
FNDA:0,(anonymous_0)
FNDA:0,(anonymous_1)
FNDA:0,(anonymous_2)
FNDA:0,(anonymous_3)
FNDA:2,(anonymous_4)
FNDA:2,(anonymous_5)
FNDA:1,(anonymous_6)
FNDA:1,(anonymous_7)
FNDA:0,(anonymous_8)
FNDA:0,(anonymous_9)
FNDA:0,(anonymous_10)
FNDA:0,(anonymous_11)
FNDA:0,(anonymous_12)
FNDA:0,(anonymous_13)
FNDA:0,(anonymous_14)
FNDA:0,(anonymous_15)
FNDA:0,(anonymous_16)
FNDA:0,(anonymous_17)
FNDA:0,(anonymous_18)
FNDA:0,(anonymous_19)
FNDA:0,(anonymous_20)
FNDA:0,(anonymous_21)
FNDA:0,(anonymous_22)
FNDA:0,(anonymous_23)
FNDA:0,(anonymous_24)
FNDA:0,(anonymous_25)
FNDA:0,(anonymous_26)
FNDA:0,(anonymous_27)
FNDA:0,(anonymous_28)
FNDA:0,(anonymous_29)
DA:33,1
DA:35,0
DA:36,0
DA:42,0
DA:43,0
DA:49,2
DA:50,2
DA:59,1
DA:60,1
DA:66,0
DA:67,0
DA:73,0
DA:74,0
DA:83,0
DA:84,0
DA:90,0
DA:91,0
DA:97,0
DA:98,0
DA:107,0
DA:108,0
DA:114,0
DA:115,0
DA:121,0
DA:122,0
DA:131,0
DA:132,0
DA:138,0
DA:139,0
DA:145,0
DA:146,0
LF:31
LH:5
BRDA:48,0,0,1
BRF:1
BRH:1
end_of_record
TN:
SF:src\features\admin\services\adminServiceError.ts
FN:3,(anonymous_0)
FNF:1
FNH:1
FNDA:6,(anonymous_0)
DA:3,2
DA:7,6
DA:8,6
DA:10,5
DA:11,2
DA:14,3
DA:16,3
DA:17,1
DA:20,2
DA:21,0
DA:24,2
LF:11
LH:10
BRDA:10,0,0,2
BRDA:10,0,1,3
BRDA:14,1,0,2
BRDA:14,1,1,1
BRDA:16,2,0,1
BRDA:16,2,1,2
BRDA:20,3,0,0
BRDA:20,3,1,2
BRF:8
BRH:7
end_of_record
TN:
SF:src\features\admin\types\dataSource.ts
FNF:0
FNH:0
LF:0
LH:0
BRF:0
BRH:0
end_of_record
TN:
SF:src\features\admin\utils\adminFilters.ts
FN:10,(anonymous_0)
FN:17,(anonymous_1)
FN:27,(anonymous_2)
FN:34,(anonymous_3)
FN:45,(anonymous_4)
FN:52,(anonymous_5)
FNF:6
FNH:6
FNDA:3,(anonymous_0)
FNDA:6,(anonymous_1)
FNDA:2,(anonymous_2)
FNDA:4,(anonymous_3)
FNDA:2,(anonymous_4)
FNDA:4,(anonymous_5)
DA:10,1
DA:15,3
DA:17,3
DA:19,6
DA:21,6
DA:23,6
DA:27,1
DA:32,2
DA:34,2
DA:36,4
DA:39,4
DA:41,4
DA:45,1
DA:50,2
DA:52,2
DA:54,4
DA:58,4
DA:60,4
LF:18
LH:18
BRDA:19,0,0,6
BRDA:19,0,1,5
BRDA:21,1,0,6
BRDA:21,1,1,4
BRDA:23,2,0,6
BRDA:23,2,1,5
BRDA:36,3,0,4
BRDA:36,3,1,1
BRDA:39,4,0,4
BRDA:39,4,1,2
BRDA:41,5,0,4
BRDA:41,5,1,3
BRDA:54,6,0,4
BRDA:54,6,1,1
BRDA:54,6,2,1
BRDA:58,7,0,4
BRDA:58,7,1,2
BRDA:60,8,0,4
BRDA:60,8,1,3
BRF:19
BRH:19
end_of_record
TN:
SF:src\features\admin\utils\placeForm.ts
FN:14,(anonymous_0)
FN:27,(anonymous_1)
FN:61,(anonymous_2)
FN:65,(anonymous_3)
FN:95,(anonymous_4)
FNF:5
FNH:5
FNDA:4,(anonymous_0)
FNDA:4,(anonymous_1)
FNDA:2,(anonymous_2)
FNDA:2,(anonymous_3)
FNDA:1,(anonymous_4)
DA:7,1
DA:11,1
DA:12,1
DA:14,1
DA:15,4
DA:16,4
DA:17,4
DA:18,0
DA:21,4
DA:23,0
DA:27,1
DA:28,4
DA:29,4
DA:30,0
DA:33,4
DA:34,4
DA:36,4
DA:37,1
DA:40,3
DA:41,0
DA:44,3
DA:45,0
DA:48,3
DA:49,1
DA:52,2
DA:61,1
DA:65,2
DA:70,2
DA:71,2
DA:74,0
DA:77,2
DA:78,2
DA:80,2
DA:81,1
DA:85,1
DA:86,1
DA:92,2
DA:95,1
DA:97,1
LF:39
LH:33
BRDA:17,0,0,0
BRDA:17,0,1,4
BRDA:17,1,0,4
BRDA:17,1,1,4
BRDA:29,2,0,0
BRDA:29,2,1,4
BRDA:36,3,0,1
BRDA:36,3,1,3
BRDA:40,4,0,0
BRDA:40,4,1,3
BRDA:44,5,0,0
BRDA:44,5,1,3
BRDA:48,6,0,1
BRDA:48,6,1,2
BRDA:48,7,0,3
BRDA:48,7,1,1
BRDA:70,8,0,2
BRDA:70,8,1,0
BRDA:80,9,0,1
BRDA:80,9,1,1
BRDA:85,10,0,1
BRDA:85,10,1,0
BRF:22
BRH:16
end_of_record
TN:
SF:src\features\auth\api\authApi.ts
FN:46,(anonymous_0)
FN:63,(anonymous_1)
FN:88,(anonymous_2)
FN:106,(anonymous_3)
FN:118,(anonymous_4)
FN:130,(anonymous_5)
FN:142,(anonymous_6)
FNF:7
FNH:0
FNDA:0,(anonymous_0)
FNDA:0,(anonymous_1)
FNDA:0,(anonymous_2)
FNDA:0,(anonymous_3)
FNDA:0,(anonymous_4)
FNDA:0,(anonymous_5)
FNDA:0,(anonymous_6)
DA:38,0
DA:47,0
DA:48,0
DA:52,0
DA:54,0
DA:64,0
DA:65,0
DA:66,0
DA:77,0
DA:79,0
DA:91,0
DA:92,0
DA:96,0
DA:98,0
DA:107,0
DA:108,0
DA:110,0
DA:119,0
DA:120,0
DA:122,0
DA:131,0
DA:132,0
DA:134,0
DA:143,0
DA:144,0
DA:146,0
LF:26
LH:0
BRF:0
BRH:0
end_of_record
TN:
SF:src\features\auth\components\LoginForm.tsx
FN:21,(anonymous_0)
FN:49,(anonymous_1)
FN:55,(anonymous_2)
FN:63,(anonymous_3)
FN:153,(anonymous_4)
FN:179,(anonymous_5)
FN:216,(anonymous_6)
FNF:7
FNH:0
FNDA:0,(anonymous_0)
FNDA:0,(anonymous_1)
FNDA:0,(anonymous_2)
FNDA:0,(anonymous_3)
FNDA:0,(anonymous_4)
FNDA:0,(anonymous_5)
FNDA:0,(anonymous_6)
DA:21,0
DA:22,0
DA:23,0
DA:32,0
DA:33,0
DA:40,0
DA:44,0
DA:46,0
DA:47,0
DA:49,0
DA:50,0
DA:51,0
DA:55,0
DA:56,0
DA:58,0
DA:63,0
DA:64,0
DA:66,0
DA:67,0
DA:68,0
DA:69,0
DA:73,0
DA:154,0
DA:179,0
DA:216,0
LF:25
LH:0
BRDA:44,0,0,0
BRDA:44,0,1,0
BRDA:46,1,0,0
BRDA:46,1,1,0
BRDA:56,2,0,0
BRDA:56,2,1,0
BRDA:64,3,0,0
BRDA:64,3,1,0
BRDA:68,4,0,0
BRDA:68,4,1,0
BRDA:86,5,0,0
BRDA:86,5,1,0
BRDA:88,6,0,0
BRDA:88,6,1,0
BRDA:110,7,0,0
BRDA:110,7,1,0
BRDA:122,8,0,0
BRDA:122,8,1,0
BRDA:122,8,2,0
BRDA:126,9,0,0
BRDA:126,9,1,0
BRDA:137,10,0,0
BRDA:137,10,1,0
BRDA:158,11,0,0
BRDA:158,11,1,0
BRDA:161,12,0,0
BRDA:161,12,1,0
BRDA:200,13,0,0
BRDA:200,13,1,0
BRF:29
BRH:0
end_of_record
TN:
SF:src\features\auth\components\SignUpForm.tsx
FN:35,(anonymous_0)
FN:48,(anonymous_1)
FN:65,(anonymous_2)
FN:68,(anonymous_3)
FN:77,(anonymous_4)
FN:94,(anonymous_5)
FN:120,(anonymous_6)
FN:226,(anonymous_7)
FNF:8
FNH:0
FNDA:0,(anonymous_0)
FNDA:0,(anonymous_1)
FNDA:0,(anonymous_2)
FNDA:0,(anonymous_3)
FNDA:0,(anonymous_4)
FNDA:0,(anonymous_5)
FNDA:0,(anonymous_6)
FNDA:0,(anonymous_7)
DA:23,0
DA:35,0
DA:38,0
DA:45,0
DA:48,0
DA:49,0
DA:50,0
DA:52,0
DA:61,0
DA:65,0
DA:66,0
DA:68,0
DA:69,0
DA:70,0
DA:72,0
DA:73,0
DA:77,0
DA:78,0
DA:79,0
DA:81,0
DA:82,0
DA:83,0
DA:84,0
DA:88,0
DA:94,0
DA:121,0
DA:226,0
LF:27
LH:0
BRDA:45,0,0,0
BRDA:45,0,1,0
BRDA:66,1,0,0
BRDA:66,1,1,0
BRDA:72,2,0,0
BRDA:72,2,1,0
BRDA:72,3,0,0
BRDA:72,3,1,0
BRDA:82,4,0,0
BRDA:82,4,1,0
BRDA:109,5,0,0
BRDA:109,5,1,0
BRDA:125,6,0,0
BRDA:125,6,1,0
BRDA:127,7,0,0
BRDA:127,7,1,0
BRDA:129,8,0,0
BRDA:129,8,1,0
BRDA:131,9,0,0
BRDA:131,9,1,0
BRDA:136,10,0,0
BRDA:136,10,1,0
BRDA:138,11,0,0
BRDA:138,11,1,0
BRDA:140,12,0,0
BRDA:140,12,1,0
BRDA:145,13,0,0
BRDA:145,13,1,0
BRDA:194,14,0,0
BRDA:194,14,1,0
BRDA:210,15,0,0
BRDA:210,15,1,0
BRF:32
BRH:0
end_of_record
TN:
SF:src\features\auth\components\form\FormField.tsx
FN:18,(anonymous_0)
FNF:1
FNH:0
FNDA:0,(anonymous_0)
DA:18,0
DA:28,0
DA:30,0
LF:3
LH:0
BRDA:22,0,0,0
BRDA:28,1,0,0
BRDA:28,1,1,0
BRDA:28,1,2,0
BRDA:35,2,0,0
BRDA:35,2,1,0
BRDA:47,3,0,0
BRDA:47,3,1,0
BRDA:52,4,0,0
BRDA:52,4,1,0
BRDA:54,5,0,0
BRDA:54,5,1,0
BRF:12
BRH:0
end_of_record
TN:
SF:src\features\auth\components\form\PasswordInput.tsx
FN:15,(anonymous_0)
FN:42,(anonymous_1)
FN:42,(anonymous_2)
FNF:3
FNH:0
FNDA:0,(anonymous_0)
FNDA:0,(anonymous_1)
FNDA:0,(anonymous_2)
DA:15,0
DA:22,0
DA:23,0
DA:25,0
DA:42,0
LF:5
LH:0
BRDA:29,0,0,0
BRDA:29,0,1,0
BRDA:36,1,0,0
BRDA:36,1,1,0
BRDA:44,2,0,0
BRDA:44,2,1,0
BRDA:48,3,0,0
BRDA:48,3,1,0
BRF:8
BRH:0
end_of_record
TN:
SF:src\features\auth\components\layout\AuthShell.tsx
FNF:0
FNH:0
LF:0
LH:0
BRF:0
BRH:0
end_of_record
TN:
SF:src\features\auth\components\ui\AuthStatusBanner.tsx
FN:12,(anonymous_0)
FNF:1
FNH:0
FNDA:0,(anonymous_0)
DA:12,0
DA:18,0
DA:19,0
DA:21,0
LF:4
LH:0
BRDA:14,0,0,0
BRDA:23,1,0,0
BRDA:23,1,1,0
BRDA:24,2,0,0
BRDA:24,2,1,0
BRDA:27,3,0,0
BRDA:27,3,1,0
BRDA:33,4,0,0
BRDA:33,4,1,0
BRDA:53,5,0,0
BRDA:53,5,1,0
BRF:11
BRH:0
end_of_record
TN:
SF:src\features\auth\components\ui\LogoutProgressOverlay.tsx
FN:11,(anonymous_0)
FNF:1
FNH:0
FNDA:0,(anonymous_0)
DA:11,0
DA:15,0
DA:17,0
LF:3
LH:0
BRDA:19,0,0,0
BRDA:19,0,1,0
BRF:2
BRH:0
end_of_record
TN:
SF:src\features\auth\context\AuthContext.tsx
FN:46,useAuth
FNF:1
FNH:1
FNDA:28,useAuth
DA:36,2
DA:47,28
DA:48,28
DA:49,0
DA:51,28
LF:5
LH:4
BRDA:48,0,0,0
BRDA:48,0,1,28
BRF:2
BRH:1
end_of_record
TN:
SF:src\features\auth\context\AuthProvider.tsx
FN:21,AuthProvider
FN:32,(anonymous_1)
FN:33,(anonymous_2)
FN:52,(anonymous_3)
FN:65,(anonymous_4)
FN:76,(anonymous_5)
FN:88,(anonymous_6)
FN:93,(anonymous_7)
FN:99,(anonymous_8)
FN:108,(anonymous_9)
FN:119,(anonymous_10)
FNF:11
FNH:11
FNDA:18,AuthProvider
FNDA:5,(anonymous_1)
FNDA:5,(anonymous_2)
FNDA:1,(anonymous_3)
FNDA:1,(anonymous_4)
FNDA:1,(anonymous_5)
FNDA:1,(anonymous_6)
FNDA:1,(anonymous_7)
FNDA:1,(anonymous_8)
FNDA:1,(anonymous_9)
FNDA:1,(anonymous_10)
DA:24,18
DA:25,18
DA:26,18
DA:29,18
DA:32,18
DA:33,5
DA:34,5
DA:35,5
DA:36,5
DA:37,1
DA:38,1
DA:40,5
DA:41,5
DA:44,5
DA:51,18
DA:53,1
DA:54,1
DA:55,1
DA:56,1
DA:65,18
DA:66,1
DA:67,1
DA:75,18
DA:77,1
DA:78,1
DA:79,1
DA:80,1
DA:88,18
DA:89,1
DA:90,1
DA:93,18
DA:94,1
DA:95,1
DA:96,1
DA:99,18
DA:100,1
DA:101,1
DA:108,18
DA:109,1
DA:110,1
DA:111,1
DA:112,1
DA:119,18
DA:120,1
DA:121,1
DA:124,18
DA:140,18
LF:47
LH:47
BRDA:36,0,0,1
BRDA:36,0,1,4
BRDA:96,1,0,1
BRDA:96,1,1,0
BRDA:129,2,0,18
BRDA:129,2,1,4
BRF:6
BRH:5
end_of_record
TN:
SF:src\features\auth\errors\AuthError.ts
FN:39,(anonymous_0)
FNF:1
FNH:1
FNDA:9,(anonymous_0)
DA:45,9
DA:46,9
DA:47,9
DA:48,9
DA:49,9
DA:52,9
LF:6
LH:6
BRDA:45,0,0,9
BRDA:45,0,1,2
BRF:2
BRH:2
end_of_record
TN:
SF:src\features\auth\errors\getAuthErrorMessage.ts
FN:12,getAuthErrorMessage
FN:36,isEmailNotVerifiedError
FNF:2
FNH:2
FNDA:3,getAuthErrorMessage
FNDA:3,isEmailNotVerifiedError
DA:5,2
DA:6,2
DA:13,3
DA:14,2
DA:18,1
DA:21,1
DA:22,1
DA:23,0
DA:26,1
DA:29,1
DA:30,1
DA:33,0
DA:37,3
DA:38,1
DA:39,0
DA:42,2
DA:43,2
DA:46,0
LF:18
LH:14
BRDA:13,0,0,2
BRDA:13,0,1,1
BRDA:14,1,0,1
BRDA:14,1,1,1
BRDA:15,2,0,2
BRDA:15,2,1,1
BRDA:22,3,0,0
BRDA:22,3,1,1
BRDA:22,4,0,1
BRDA:22,4,1,1
BRDA:26,5,0,1
BRDA:26,5,1,0
BRDA:29,6,0,1
BRDA:29,6,1,0
BRDA:29,7,0,1
BRDA:29,7,1,1
BRDA:37,8,0,1
BRDA:37,8,1,2
BRDA:38,9,0,1
BRDA:38,9,1,0
BRDA:42,10,0,2
BRDA:42,10,1,0
BRF:22
BRH:17
end_of_record
TN:
SF:src\features\auth\errors\normalizeAuthError.ts
FN:46,(anonymous_0)
FN:49,(anonymous_1)
FN:56,(anonymous_2)
FN:69,(anonymous_3)
FN:99,(anonymous_4)
FN:103,(anonymous_5)
FN:109,(anonymous_6)
FN:113,normalizeAuthError
FNF:8
FNH:7
FNDA:3,(anonymous_0)
FNDA:1,(anonymous_1)
FNDA:2,(anonymous_2)
FNDA:2,(anonymous_3)
FNDA:2,(anonymous_4)
FNDA:0,(anonymous_5)
FNDA:1,(anonymous_6)
FNDA:4,normalizeAuthError
DA:26,2
DA:36,2
DA:44,2
DA:46,2
DA:47,3
DA:49,2
DA:50,1
DA:56,2
DA:57,2
DA:59,1
DA:60,1
DA:62,1
DA:63,0
DA:66,1
DA:69,2
DA:70,2
DA:72,1
DA:73,1
DA:75,1
DA:76,1
DA:77,0
DA:80,1
DA:81,1
DA:82,1
DA:83,1
DA:84,1
DA:87,0
DA:88,0
DA:92,0
DA:96,0
DA:99,2
DA:100,2
DA:103,2
DA:104,0
DA:109,2
DA:110,1
DA:115,4
DA:118,3
DA:119,3
DA:121,3
DA:122,3
DA:123,1
DA:132,2
DA:136,2
DA:138,2
DA:142,2
DA:143,2
DA:144,1
DA:152,1
DA:153,0
DA:161,1
DA:166,0
DA:167,0
DA:171,0
LF:54
LH:43
BRDA:47,0,0,3
BRDA:47,0,1,2
BRDA:47,0,2,2
BRDA:57,1,0,1
BRDA:57,1,1,1
BRDA:60,2,0,0
BRDA:60,2,1,1
BRDA:62,3,0,0
BRDA:62,3,1,1
BRDA:70,4,0,1
BRDA:70,4,1,1
BRDA:73,5,0,0
BRDA:73,5,1,1
BRDA:73,6,0,1
BRDA:73,6,1,0
BRDA:76,7,0,0
BRDA:76,7,1,1
BRDA:76,8,0,1
BRDA:76,8,1,0
BRDA:81,9,0,1
BRDA:81,9,1,0
BRDA:83,10,0,1
BRDA:83,10,1,0
BRDA:83,11,0,1
BRDA:83,11,1,1
BRDA:88,12,0,0
BRDA:88,12,1,0
BRDA:89,13,0,0
BRDA:89,13,1,0
BRDA:100,14,0,2
BRDA:100,14,1,2
BRDA:104,15,0,0
BRDA:104,15,1,0
BRDA:110,16,0,1
BRDA:110,16,1,1
BRDA:115,17,0,1
BRDA:115,17,1,3
BRDA:118,18,0,3
BRDA:118,18,1,0
BRDA:122,19,0,1
BRDA:122,19,1,2
BRDA:132,20,0,2
BRDA:132,20,1,0
BRDA:136,21,0,2
BRDA:136,21,1,0
BRDA:136,22,0,0
BRDA:136,22,1,0
BRDA:138,23,0,1
BRDA:138,23,1,1
BRDA:143,24,0,1
BRDA:143,24,1,1
BRDA:152,25,0,0
BRDA:152,25,1,1
BRDA:152,26,0,1
BRDA:152,26,1,1
BRDA:166,27,0,0
BRDA:166,27,1,0
BRDA:167,28,0,0
BRDA:167,28,1,0
BRF:59
BRH:35
end_of_record
TN:
SF:src\features\auth\hooks\useForgotPassword.ts
FN:24,(anonymous_0)
FN:29,(anonymous_1)
FN:31,(anonymous_2)
FNF:3
FNH:0
FNDA:0,(anonymous_0)
FNDA:0,(anonymous_1)
FNDA:0,(anonymous_2)
DA:24,0
DA:25,0
DA:26,0
DA:27,0
DA:29,0
DA:31,0
DA:34,0
DA:36,0
DA:37,0
DA:38,0
DA:40,0
DA:41,0
DA:42,0
DA:44,0
DA:45,0
DA:47,0
DA:48,0
DA:52,0
LF:18
LH:0
BRDA:34,0,0,0
BRDA:34,0,1,0
BRF:2
BRH:0
end_of_record
TN:
SF:src\features\auth\hooks\useLogin.ts
FN:27,(anonymous_0)
FN:40,(anonymous_1)
FN:42,(anonymous_2)
FN:64,(anonymous_3)
FNF:4
FNH:0
FNDA:0,(anonymous_0)
FNDA:0,(anonymous_1)
FNDA:0,(anonymous_2)
FNDA:0,(anonymous_3)
DA:27,0
DA:33,0
DA:34,0
DA:35,0
DA:36,0
DA:37,0
DA:38,0
DA:40,0
DA:42,0
DA:43,0
DA:45,0
DA:46,0
DA:47,0
DA:49,0
DA:50,0
DA:51,0
DA:53,0
DA:54,0
DA:55,0
DA:57,0
DA:59,0
DA:60,0
DA:64,0
DA:65,0
DA:67,0
DA:68,0
DA:70,0
DA:71,0
DA:72,0
DA:74,0
DA:75,0
DA:76,0
DA:77,0
DA:79,0
DA:80,0
DA:82,0
DA:83,0
DA:87,0
LF:38
LH:0
BRDA:43,0,0,0
BRDA:43,0,1,0
BRDA:54,1,0,0
BRDA:54,1,1,0
BRDA:65,2,0,0
BRDA:65,2,1,0
BRDA:68,3,0,0
BRDA:68,3,1,0
BRF:8
BRH:0
end_of_record
TN:
SF:src\features\auth\hooks\useLogout.ts
FN:24,(anonymous_0)
FN:31,(anonymous_1)
FN:39,(anonymous_2)
FN:58,(anonymous_3)
FNF:4
FNH:0
FNDA:0,(anonymous_0)
FNDA:0,(anonymous_1)
FNDA:0,(anonymous_2)
FNDA:0,(anonymous_3)
DA:24,0
DA:25,0
DA:26,0
DA:27,0
DA:28,0
DA:29,0
DA:31,0
DA:32,0
DA:33,0
DA:39,0
DA:40,0
DA:42,0
DA:43,0
DA:44,0
DA:46,0
DA:47,0
DA:48,0
DA:49,0
DA:51,0
DA:53,0
DA:54,0
DA:58,0
DA:59,0
DA:62,0
LF:24
LH:0
BRDA:40,0,0,0
BRDA:40,0,1,0
BRF:2
BRH:0
end_of_record
TN:
SF:src\features\auth\hooks\useResetPassword.ts
FN:25,(anonymous_0)
FN:30,(anonymous_1)
FN:32,(anonymous_2)
FN:57,(anonymous_3)
FNF:4
FNH:0
FNDA:0,(anonymous_0)
FNDA:0,(anonymous_1)
FNDA:0,(anonymous_2)
FNDA:0,(anonymous_3)
DA:25,0
DA:26,0
DA:27,0
DA:28,0
DA:30,0
DA:32,0
DA:35,0
DA:37,0
DA:38,0
DA:39,0
DA:41,0
DA:42,0
DA:47,0
DA:49,0
DA:50,0
DA:52,0
DA:53,0
DA:57,0
DA:58,0
DA:60,0
DA:61,0
DA:62,0
DA:64,0
DA:65,0
DA:66,0
DA:68,0
DA:69,0
DA:71,0
DA:72,0
DA:76,0
LF:30
LH:0
BRDA:35,0,0,0
BRDA:35,0,1,0
BRDA:58,1,0,0
BRDA:58,1,1,0
BRF:4
BRH:0
end_of_record
TN:
SF:src\features\auth\hooks\useSignUp.ts
FN:26,(anonymous_0)
FN:34,(anonymous_1)
FN:39,(anonymous_2)
FNF:3
FNH:0
FNDA:0,(anonymous_0)
FNDA:0,(anonymous_1)
FNDA:0,(anonymous_2)
DA:26,0
DA:27,0
DA:28,0
DA:29,0
DA:31,0
DA:32,0
DA:34,0
DA:35,0
DA:36,0
DA:39,0
DA:40,0
DA:42,0
DA:43,0
DA:44,0
DA:45,0
DA:47,0
DA:48,0
DA:56,0
DA:58,0
DA:59,0
DA:61,0
DA:62,0
DA:64,0
DA:65,0
DA:69,0
LF:25
LH:0
BRDA:40,0,0,0
BRDA:40,0,1,0
BRDA:58,1,0,0
BRDA:58,1,1,0
BRDA:59,2,0,0
BRDA:59,2,1,0
BRF:6
BRH:0
end_of_record
TN:
SF:src\features\auth\hooks\useVerifyEmail.ts
FN:25,(anonymous_0)
FN:33,(anonymous_1)
FN:35,(anonymous_2)
FN:54,(anonymous_3)
FNF:4
FNH:0
FNDA:0,(anonymous_0)
FNDA:0,(anonymous_1)
FNDA:0,(anonymous_2)
FNDA:0,(anonymous_3)
DA:25,0
DA:26,0
DA:27,0
DA:28,0
DA:29,0
DA:30,0
DA:31,0
DA:33,0
DA:35,0
DA:36,0
DA:38,0
DA:39,0
DA:40,0
DA:42,0
DA:43,0
DA:44,0
DA:46,0
DA:47,0
DA:49,0
DA:50,0
DA:54,0
DA:55,0
DA:57,0
DA:58,0
DA:59,0
DA:61,0
DA:62,0
DA:63,0
DA:65,0
DA:66,0
DA:68,0
DA:69,0
DA:73,0
LF:33
LH:0
BRDA:36,0,0,0
BRDA:36,0,1,0
BRDA:55,1,0,0
BRDA:55,1,1,0
BRF:4
BRH:0
end_of_record
TN:
SF:src\features\auth\pages\ForgotPasswordPage.tsx
FN:22,ForgotPasswordPage
FN:35,(anonymous_1)
FN:48,(anonymous_2)
FNF:3
FNH:0
FNDA:0,ForgotPasswordPage
FNDA:0,(anonymous_1)
FNDA:0,(anonymous_2)
DA:23,0
DA:24,0
DA:25,0
DA:31,0
DA:35,0
DA:36,0
DA:37,0
DA:38,0
DA:42,0
DA:48,0
LF:10
LH:0
BRDA:37,0,0,0
BRDA:37,0,1,0
BRDA:71,1,0,0
BRDA:71,1,1,0
BRDA:89,2,0,0
BRDA:89,2,1,0
BRDA:100,3,0,0
BRDA:100,3,1,0
BRF:8
BRH:0
end_of_record
TN:
SF:src\features\auth\pages\LoginPage.tsx
FN:3,Login
FNF:1
FNH:0
FNDA:0,Login
DA:4,0
LF:1
LH:0
BRF:0
BRH:0
end_of_record
TN:
SF:src\features\auth\pages\ResetPasswordPage.tsx
FN:33,maskEmail
FN:39,ResetPasswordPage
FN:66,(anonymous_2)
FN:71,(anonymous_3)
FN:79,(anonymous_4)
FN:86,(anonymous_5)
FN:104,(anonymous_6)
FN:110,(anonymous_7)
FN:118,(anonymous_8)
FN:125,(anonymous_9)
FN:150,(anonymous_10)
FN:162,(anonymous_11)
FN:171,(anonymous_12)
FN:214,(anonymous_13)
FN:216,(anonymous_14)
FN:219,(anonymous_15)
FN:231,(anonymous_16)
FN:232,(anonymous_17)
FN:269,(anonymous_18)
FN:269,(anonymous_19)
FN:306,(anonymous_20)
FN:306,(anonymous_21)
FN:346,(anonymous_22)
FNF:23
FNH:0
FNDA:0,maskEmail
FNDA:0,ResetPasswordPage
FNDA:0,(anonymous_2)
FNDA:0,(anonymous_3)
FNDA:0,(anonymous_4)
FNDA:0,(anonymous_5)
FNDA:0,(anonymous_6)
FNDA:0,(anonymous_7)
FNDA:0,(anonymous_8)
FNDA:0,(anonymous_9)
FNDA:0,(anonymous_10)
FNDA:0,(anonymous_11)
FNDA:0,(anonymous_12)
FNDA:0,(anonymous_13)
FNDA:0,(anonymous_14)
FNDA:0,(anonymous_15)
FNDA:0,(anonymous_16)
FNDA:0,(anonymous_17)
FNDA:0,(anonymous_18)
FNDA:0,(anonymous_19)
FNDA:0,(anonymous_20)
FNDA:0,(anonymous_21)
FNDA:0,(anonymous_22)
DA:30,0
DA:34,0
DA:35,0
DA:36,0
DA:40,0
DA:41,0
DA:42,0
DA:43,0
DA:46,0
DA:48,0
DA:49,0
DA:50,0
DA:51,0
DA:52,0
DA:60,0
DA:66,0
DA:67,0
DA:71,0
DA:72,0
DA:75,0
DA:79,0
DA:80,0
DA:81,0
DA:82,0
DA:83,0
DA:87,0
DA:89,0
DA:90,0
DA:93,0
DA:95,0
DA:96,0
DA:97,0
DA:98,0
DA:99,0
DA:100,0
DA:104,0
DA:105,0
DA:106,0
DA:110,0
DA:111,0
DA:112,0
DA:113,0
DA:114,0
DA:115,0
DA:118,0
DA:119,0
DA:120,0
DA:125,0
DA:126,0
DA:127,0
DA:128,0
DA:133,0
DA:134,0
DA:150,0
DA:162,0
DA:163,0
DA:165,0
DA:171,0
DA:215,0
DA:217,0
DA:220,0
DA:231,0
DA:232,0
DA:269,0
DA:306,0
DA:347,0
LF:66
LH:0
BRDA:35,0,0,0
BRDA:35,0,1,0
BRDA:35,1,0,0
BRDA:35,1,1,0
BRDA:43,2,0,0
BRDA:43,2,1,0
BRDA:75,3,0,0
BRDA:75,3,1,0
BRDA:81,4,0,0
BRDA:81,4,1,0
BRDA:87,5,0,0
BRDA:87,5,1,0
BRDA:95,6,0,0
BRDA:95,6,1,0
BRDA:99,7,0,0
BRDA:99,7,1,0
BRDA:99,8,0,0
BRDA:99,8,1,0
BRDA:105,9,0,0
BRDA:105,9,1,0
BRDA:105,10,0,0
BRDA:105,10,1,0
BRDA:105,10,2,0
BRDA:113,11,0,0
BRDA:113,11,1,0
BRDA:128,12,0,0
BRDA:128,12,1,0
BRDA:133,13,0,0
BRDA:133,13,1,0
BRDA:162,14,0,0
BRDA:162,14,1,0
BRDA:196,15,0,0
BRDA:196,15,1,0
BRDA:239,16,0,0
BRDA:239,16,1,0
BRDA:242,17,0,0
BRDA:242,17,1,0
BRDA:259,18,0,0
BRDA:259,18,1,0
BRDA:264,19,0,0
BRDA:264,19,1,0
BRDA:272,20,0,0
BRDA:272,20,1,0
BRDA:278,21,0,0
BRDA:278,21,1,0
BRDA:296,22,0,0
BRDA:296,22,1,0
BRDA:301,23,0,0
BRDA:301,23,1,0
BRDA:309,24,0,0
BRDA:309,24,1,0
BRDA:315,25,0,0
BRDA:315,25,1,0
BRDA:328,26,0,0
BRDA:328,26,1,0
BRDA:330,27,0,0
BRDA:330,27,1,0
BRF:57
BRH:0
end_of_record
TN:
SF:src\features\auth\pages\SignUpPage.tsx
FN:3,SignUpPage
FNF:1
FNH:0
FNDA:0,SignUpPage
DA:4,0
LF:1
LH:0
BRF:0
BRH:0
end_of_record
TN:
SF:src\features\auth\pages\VerifyEmailPage.tsx
FN:29,maskEmail
FN:35,(anonymous_1)
FN:37,(anonymous_2)
FN:40,VerifyEmailPage
FN:72,(anonymous_4)
FN:77,(anonymous_5)
FN:84,(anonymous_6)
FN:91,(anonymous_7)
FN:91,(anonymous_8)
FN:92,(anonymous_9)
FN:97,(anonymous_10)
FN:97,(anonymous_11)
FN:105,(anonymous_12)
FN:113,(anonymous_13)
FN:131,(anonymous_14)
FN:137,(anonymous_15)
FN:145,(anonymous_16)
FN:151,(anonymous_17)
FN:154,(anonymous_18)
FN:165,(anonymous_19)
FN:181,(anonymous_20)
FN:187,(anonymous_21)
FN:218,(anonymous_22)
FN:255,(anonymous_23)
FN:274,(anonymous_24)
FN:307,(anonymous_25)
FN:348,(anonymous_26)
FN:351,(anonymous_27)
FN:363,(anonymous_28)
FN:364,(anonymous_29)
FNF:30
FNH:0
FNDA:0,maskEmail
FNDA:0,(anonymous_1)
FNDA:0,(anonymous_2)
FNDA:0,VerifyEmailPage
FNDA:0,(anonymous_4)
FNDA:0,(anonymous_5)
FNDA:0,(anonymous_6)
FNDA:0,(anonymous_7)
FNDA:0,(anonymous_8)
FNDA:0,(anonymous_9)
FNDA:0,(anonymous_10)
FNDA:0,(anonymous_11)
FNDA:0,(anonymous_12)
FNDA:0,(anonymous_13)
FNDA:0,(anonymous_14)
FNDA:0,(anonymous_15)
FNDA:0,(anonymous_16)
FNDA:0,(anonymous_17)
FNDA:0,(anonymous_18)
FNDA:0,(anonymous_19)
FNDA:0,(anonymous_20)
FNDA:0,(anonymous_21)
FNDA:0,(anonymous_22)
FNDA:0,(anonymous_23)
FNDA:0,(anonymous_24)
FNDA:0,(anonymous_25)
FNDA:0,(anonymous_26)
FNDA:0,(anonymous_27)
FNDA:0,(anonymous_28)
FNDA:0,(anonymous_29)
DA:24,0
DA:25,0
DA:26,0
DA:30,0
DA:31,0
DA:32,0
DA:35,0
DA:37,0
DA:38,0
DA:41,0
DA:42,0
DA:43,0
DA:48,0
DA:50,0
DA:53,0
DA:56,0
DA:57,0
DA:60,0
DA:62,0
DA:63,0
DA:64,0
DA:65,0
DA:66,0
DA:67,0
DA:69,0
DA:70,0
DA:72,0
DA:73,0
DA:74,0
DA:77,0
DA:78,0
DA:79,0
DA:80,0
DA:84,0
DA:85,0
DA:87,0
DA:88,0
DA:89,0
DA:91,0
DA:92,0
DA:96,0
DA:97,0
DA:98,0
DA:99,0
DA:105,0
DA:107,0
DA:108,0
DA:109,0
DA:110,0
DA:114,0
DA:116,0
DA:117,0
DA:118,0
DA:119,0
DA:122,0
DA:123,0
DA:124,0
DA:125,0
DA:126,0
DA:127,0
DA:131,0
DA:132,0
DA:133,0
DA:137,0
DA:138,0
DA:139,0
DA:140,0
DA:141,0
DA:142,0
DA:145,0
DA:146,0
DA:147,0
DA:150,0
DA:151,0
DA:152,0
DA:154,0
DA:155,0
DA:156,0
DA:157,0
DA:158,0
DA:159,0
DA:160,0
DA:161,0
DA:165,0
DA:166,0
DA:168,0
DA:169,0
DA:170,0
DA:171,0
DA:172,0
DA:173,0
DA:174,0
DA:175,0
DA:176,0
DA:177,0
DA:178,0
DA:180,0
DA:181,0
DA:187,0
DA:188,0
DA:190,0
DA:191,0
DA:192,0
DA:195,0
DA:196,0
DA:198,0
DA:199,0
DA:201,0
DA:202,0
DA:203,0
DA:204,0
DA:206,0
DA:212,0
DA:213,0
DA:218,0
DA:256,0
DA:257,0
DA:275,0
DA:301,0
DA:307,0
DA:349,0
DA:352,0
DA:363,0
DA:364,0
LF:124
LH:0
BRDA:31,0,0,0
BRDA:31,0,1,0
BRDA:31,1,0,0
BRDA:31,1,1,0
BRDA:51,2,0,0
BRDA:51,2,1,0
BRDA:54,3,0,0
BRDA:54,3,1,0
BRDA:56,4,0,0
BRDA:56,4,1,0
BRDA:56,4,2,0
BRDA:56,4,3,0
BRDA:73,5,0,0
BRDA:73,5,1,0
BRDA:78,6,0,0
BRDA:78,6,1,0
BRDA:85,7,0,0
BRDA:85,7,1,0
BRDA:87,8,0,0
BRDA:87,8,1,0
BRDA:98,9,0,0
BRDA:98,9,1,0
BRDA:108,10,0,0
BRDA:108,10,1,0
BRDA:114,11,0,0
BRDA:114,11,1,0
BRDA:122,12,0,0
BRDA:122,12,1,0
BRDA:126,13,0,0
BRDA:126,13,1,0
BRDA:126,14,0,0
BRDA:126,14,1,0
BRDA:132,15,0,0
BRDA:132,15,1,0
BRDA:132,16,0,0
BRDA:132,16,1,0
BRDA:132,16,2,0
BRDA:140,17,0,0
BRDA:140,17,1,0
BRDA:151,18,0,0
BRDA:151,18,1,0
BRDA:152,19,0,0
BRDA:152,19,1,0
BRDA:156,20,0,0
BRDA:156,20,1,0
BRDA:156,21,0,0
BRDA:156,21,1,0
BRDA:156,21,2,0
BRDA:159,22,0,0
BRDA:159,22,1,0
BRDA:166,23,0,0
BRDA:166,23,1,0
BRDA:166,24,0,0
BRDA:166,24,1,0
BRDA:166,24,2,0
BRDA:170,25,0,0
BRDA:170,25,1,0
BRDA:177,26,0,0
BRDA:177,26,1,0
BRDA:190,27,0,0
BRDA:190,27,1,0
BRDA:199,28,0,0
BRDA:199,28,1,0
BRDA:212,29,0,0
BRDA:212,29,1,0
BRDA:239,30,0,0
BRDA:239,30,1,0
BRDA:240,31,0,0
BRDA:240,31,1,0
BRDA:257,32,0,0
BRDA:257,32,1,0
BRDA:263,33,0,0
BRDA:263,33,1,0
BRDA:278,34,0,0
BRDA:278,34,1,0
BRDA:332,35,0,0
BRDA:332,35,1,0
BRDA:335,36,0,0
BRDA:335,36,1,0
BRDA:371,37,0,0
BRDA:371,37,1,0
BRDA:374,38,0,0
BRDA:374,38,1,0
BRDA:385,39,0,0
BRDA:385,39,1,0
BRDA:387,40,0,0
BRDA:387,40,1,0
BRDA:403,41,0,0
BRDA:403,41,1,0
BRDA:410,42,0,0
BRDA:410,42,1,0
BRF:91
BRH:0
end_of_record
TN:
SF:src\features\auth\services\authService.ts
FN:36,(anonymous_0)
FN:42,(anonymous_1)
FN:57,(anonymous_2)
FN:60,(anonymous_3)
FN:70,(anonymous_4)
FN:81,(anonymous_5)
FN:91,(anonymous_6)
FN:96,(anonymous_7)
FN:100,(anonymous_8)
FN:108,(anonymous_9)
FN:118,(anonymous_10)
FN:122,(anonymous_11)
FN:125,(anonymous_12)
FN:141,(anonymous_13)
FN:155,(anonymous_14)
FN:167,(anonymous_15)
FN:179,(anonymous_16)
FN:213,(anonymous_17)
FN:224,(anonymous_18)
FN:232,(anonymous_19)
FN:241,(anonymous_20)
FN:245,(anonymous_21)
FN:249,(anonymous_22)
FN:258,(anonymous_23)
FN:283,(anonymous_24)
FN:290,(anonymous_25)
FN:297,(anonymous_26)
FNF:27
FNH:0
FNDA:0,(anonymous_0)
FNDA:0,(anonymous_1)
FNDA:0,(anonymous_2)
FNDA:0,(anonymous_3)
FNDA:0,(anonymous_4)
FNDA:0,(anonymous_5)
FNDA:0,(anonymous_6)
FNDA:0,(anonymous_7)
FNDA:0,(anonymous_8)
FNDA:0,(anonymous_9)
FNDA:0,(anonymous_10)
FNDA:0,(anonymous_11)
FNDA:0,(anonymous_12)
FNDA:0,(anonymous_13)
FNDA:0,(anonymous_14)
FNDA:0,(anonymous_15)
FNDA:0,(anonymous_16)
FNDA:0,(anonymous_17)
FNDA:0,(anonymous_18)
FNDA:0,(anonymous_19)
FNDA:0,(anonymous_20)
FNDA:0,(anonymous_21)
FNDA:0,(anonymous_22)
FNDA:0,(anonymous_23)
FNDA:0,(anonymous_24)
FNDA:0,(anonymous_25)
FNDA:0,(anonymous_26)
DA:36,0
DA:37,0
DA:38,0
DA:39,0
DA:42,0
DA:43,0
DA:44,0
DA:47,0
DA:50,0
DA:53,0
DA:57,0
DA:58,0
DA:60,0
DA:61,0
DA:63,0
DA:64,0
DA:66,0
DA:70,0
DA:71,0
DA:73,0
DA:74,0
DA:75,0
DA:77,0
DA:81,0
DA:82,0
DA:84,0
DA:85,0
DA:91,0
DA:94,0
DA:96,0
DA:97,0
DA:100,0
DA:101,0
DA:102,0
DA:104,0
DA:105,0
DA:108,0
DA:109,0
DA:110,0
DA:111,0
DA:112,0
DA:115,0
DA:118,0
DA:119,0
DA:122,0
DA:123,0
DA:125,0
DA:126,0
DA:127,0
DA:130,0
DA:132,0
DA:141,0
DA:142,0
DA:143,0
DA:149,0
DA:150,0
DA:151,0
DA:155,0
DA:156,0
DA:157,0
DA:162,0
DA:168,0
DA:169,0
DA:170,0
DA:171,0
DA:172,0
DA:180,0
DA:181,0
DA:182,0
DA:183,0
DA:185,0
DA:187,0
DA:190,0
DA:191,0
DA:194,0
DA:195,0
DA:196,0
DA:203,0
DA:214,0
DA:215,0
DA:216,0
DA:217,0
DA:218,0
DA:225,0
DA:233,0
DA:234,0
DA:236,0
DA:237,0
DA:242,0
DA:246,0
DA:250,0
DA:259,0
DA:260,0
DA:262,0
DA:264,0
DA:265,0
DA:266,0
DA:267,0
DA:268,0
DA:271,0
DA:274,0
DA:275,0
DA:284,0
DA:291,0
DA:298,0
LF:105
LH:0
BRDA:37,0,0,0
BRDA:37,0,1,0
BRDA:39,1,0,0
BRDA:39,1,1,0
BRDA:39,1,2,0
BRDA:43,2,0,0
BRDA:43,2,1,0
BRDA:53,3,0,0
BRDA:53,3,1,0
BRDA:58,4,0,0
BRDA:58,4,1,0
BRDA:61,5,0,0
BRDA:61,5,1,0
BRDA:71,6,0,0
BRDA:71,6,1,0
BRDA:82,7,0,0
BRDA:82,7,1,0
BRDA:97,8,0,0
BRDA:97,8,1,0
BRDA:102,9,0,0
BRDA:102,9,1,0
BRDA:105,10,0,0
BRDA:105,10,1,0
BRDA:110,11,0,0
BRDA:110,11,1,0
BRDA:123,12,0,0
BRDA:123,12,1,0
BRDA:123,12,2,0
BRDA:126,13,0,0
BRDA:126,13,1,0
BRDA:126,14,0,0
BRDA:126,14,1,0
BRDA:126,14,2,0
BRDA:133,15,0,0
BRDA:133,15,1,0
BRDA:133,15,2,0
BRDA:133,15,3,0
BRDA:133,15,4,0
BRDA:149,16,0,0
BRDA:149,16,1,0
BRDA:149,17,0,0
BRDA:149,17,1,0
BRDA:185,18,0,0
BRDA:185,18,1,0
BRDA:187,19,0,0
BRDA:187,19,1,0
BRDA:190,20,0,0
BRDA:190,20,1,0
BRDA:262,21,0,0
BRDA:262,21,1,0
BRDA:262,22,0,0
BRDA:262,22,1,0
BRDA:266,23,0,0
BRDA:266,23,1,0
BRF:54
BRH:0
end_of_record
TN:
SF:src\features\auth\services\jwtClaims.ts
FN:30,(anonymous_0)
FN:43,(anonymous_1)
FN:51,(anonymous_2)
FN:60,(anonymous_3)
FN:68,(anonymous_4)
FN:74,(anonymous_5)
FN:78,(anonymous_6)
FN:99,(anonymous_7)
FN:111,(anonymous_8)
FNF:9
FNH:8
FNDA:15,(anonymous_0)
FNDA:3,(anonymous_1)
FNDA:0,(anonymous_2)
FNDA:3,(anonymous_3)
FNDA:4,(anonymous_4)
FNDA:234,(anonymous_5)
FNDA:5,(anonymous_6)
FNDA:3,(anonymous_7)
FNDA:5,(anonymous_8)
DA:7,1
DA:28,1
DA:30,1
DA:34,15
DA:35,37
DA:36,37
DA:37,10
DA:40,5
DA:43,1
DA:44,3
DA:45,6
DA:46,6
DA:47,3
DA:49,3
DA:50,0
DA:52,0
DA:54,0
DA:57,0
DA:60,1
DA:61,3
DA:62,3
DA:63,3
DA:68,1
DA:69,4
DA:70,4
DA:72,4
DA:73,4
DA:74,234
DA:75,4
DA:78,1
DA:79,5
DA:80,5
DA:81,1
DA:84,4
DA:85,4
DA:86,4
DA:87,4
DA:88,0
DA:90,4
DA:92,0
DA:99,1
DA:100,3
DA:101,3
DA:103,2
DA:104,2
DA:105,2
DA:106,2
DA:108,1
DA:111,1
DA:112,5
DA:114,4
DA:115,4
DA:116,0
DA:122,4
DA:123,4
DA:124,1
DA:127,3
DA:129,3
LF:58
LH:51
BRDA:36,0,0,10
BRDA:36,0,1,27
BRDA:36,1,0,37
BRDA:36,1,1,10
BRDA:46,2,0,3
BRDA:46,2,1,3
BRDA:46,3,0,6
BRDA:46,3,1,3
BRDA:49,4,0,0
BRDA:49,4,1,3
BRDA:52,5,0,0
BRDA:52,5,1,0
BRDA:54,6,0,0
BRDA:54,6,1,0
BRDA:61,7,0,0
BRDA:61,7,1,3
BRDA:63,8,0,3
BRDA:63,8,1,0
BRDA:72,9,0,2
BRDA:72,9,1,2
BRDA:80,10,0,1
BRDA:80,10,1,4
BRDA:80,11,0,5
BRDA:80,11,1,4
BRDA:87,12,0,0
BRDA:87,12,1,4
BRDA:87,13,0,4
BRDA:87,13,1,4
BRDA:87,13,2,4
BRDA:101,14,0,1
BRDA:101,14,1,2
BRDA:106,15,0,1
BRDA:106,15,1,1
BRDA:108,16,0,1
BRDA:108,16,1,0
BRDA:115,17,0,0
BRDA:115,17,1,4
BRDA:123,18,0,1
BRDA:123,18,1,3
BRDA:134,19,0,3
BRDA:134,19,1,2
BRF:41
BRH:31
end_of_record
TN:
SF:src\features\auth\utils\registerPayload.ts
FN:3,(anonymous_0)
FN:17,(anonymous_1)
FNF:2
FNH:2
FNDA:2,(anonymous_0)
FNDA:2,(anonymous_1)
DA:3,1
DA:4,2
DA:6,2
DA:7,1
DA:9,1
DA:17,1
DA:20,2
DA:22,2
DA:23,2
DA:24,2
DA:25,2
DA:27,2
DA:28,1
DA:31,2
LF:14
LH:14
BRDA:6,0,0,1
BRDA:6,0,1,1
BRDA:27,1,0,1
BRDA:27,1,1,1
BRF:4
BRH:4
end_of_record
TN:
SF:src\features\auth\validation\forgotPassword.schema.ts
FNF:0
FNH:0
DA:3,0
LF:1
LH:0
BRF:0
BRH:0
end_of_record
TN:
SF:src\features\auth\validation\login.schema.ts
FNF:0
FNH:0
DA:4,0
LF:1
LH:0
BRF:0
BRH:0
end_of_record
TN:
SF:src\features\auth\validation\resetPassword.schema.ts
FN:34,(anonymous_0)
FNF:1
FNH:0
FNDA:0,(anonymous_0)
DA:4,0
DA:34,0
LF:2
LH:0
BRF:0
BRH:0
end_of_record
TN:
SF:src\features\auth\validation\signUp.schema.ts
FN:31,(anonymous_0)
FN:32,(anonymous_1)
FN:42,(anonymous_2)
FN:63,(anonymous_3)
FN:73,(anonymous_4)
FN:77,(anonymous_5)
FN:83,(anonymous_6)
FNF:7
FNH:0
FNDA:0,(anonymous_0)
FNDA:0,(anonymous_1)
FNDA:0,(anonymous_2)
FNDA:0,(anonymous_3)
FNDA:0,(anonymous_4)
FNDA:0,(anonymous_5)
FNDA:0,(anonymous_6)
DA:4,0
DA:31,0
DA:33,0
DA:34,0
DA:35,0
DA:36,0
DA:38,0
DA:39,0
DA:42,0
DA:64,0
DA:65,0
DA:67,0
DA:68,0
DA:73,0
DA:77,0
DA:83,0
LF:16
LH:0
BRDA:38,0,0,0
BRDA:38,0,1,0
BRDA:38,1,0,0
BRDA:38,1,1,0
BRDA:38,1,2,0
BRDA:64,2,0,0
BRDA:64,2,1,0
BRDA:65,3,0,0
BRDA:65,3,1,0
BRDA:67,4,0,0
BRDA:67,4,1,0
BRDA:73,5,0,0
BRDA:73,5,1,0
BRDA:77,6,0,0
BRDA:77,6,1,0
BRF:15
BRH:0
end_of_record
TN:
SF:src\features\auth\validation\verifyEmail.schema.ts
FNF:0
FNH:0
DA:4,0
LF:1
LH:0
BRF:0
BRH:0
end_of_record
TN:
SF:src\features\favorites\api\favoritesApi.ts
FN:23,(anonymous_0)
FN:47,(anonymous_1)
FN:56,(anonymous_2)
FN:64,(anonymous_3)
FNF:4
FNH:0
FNDA:0,(anonymous_0)
FNDA:0,(anonymous_1)
FNDA:0,(anonymous_2)
FNDA:0,(anonymous_3)
DA:18,0
DA:27,0
DA:31,0
DA:40,0
DA:48,0
DA:57,0
DA:65,0
DA:68,0
LF:8
LH:0
BRDA:27,0,0,0
BRDA:27,0,1,0
BRDA:28,1,0,0
BRDA:28,1,1,0
BRDA:35,2,0,0
BRDA:35,2,1,0
BRDA:36,3,0,0
BRDA:36,3,1,0
BRF:8
BRH:0
end_of_record
TN:
SF:src\features\favorites\hooks\useFavorites.ts
FN:40,(anonymous_0)
FN:66,(anonymous_1)
FN:85,(anonymous_2)
FN:151,(anonymous_3)
FN:155,(anonymous_4)
FN:162,(anonymous_5)
FN:180,(anonymous_6)
FN:183,(anonymous_7)
FN:189,(anonymous_8)
FN:190,(anonymous_9)
FN:192,(anonymous_10)
FN:215,(anonymous_11)
FN:227,(anonymous_12)
FN:238,(anonymous_13)
FNF:14
FNH:11
FNDA:0,(anonymous_0)
FNDA:8,(anonymous_1)
FNDA:3,(anonymous_2)
FNDA:3,(anonymous_3)
FNDA:3,(anonymous_4)
FNDA:2,(anonymous_5)
FNDA:1,(anonymous_6)
FNDA:1,(anonymous_7)
FNDA:1,(anonymous_8)
FNDA:1,(anonymous_9)
FNDA:1,(anonymous_10)
FNDA:1,(anonymous_11)
FNDA:0,(anonymous_12)
FNDA:0,(anonymous_13)
DA:38,1
DA:40,1
DA:41,0
DA:42,0
DA:45,0
DA:46,0
DA:47,0
DA:49,0
DA:50,0
DA:52,0
DA:53,0
DA:55,0
DA:56,0
DA:58,0
DA:59,0
DA:63,0
DA:66,1
DA:67,8
DA:68,8
DA:69,8
DA:70,8
DA:71,8
DA:72,8
DA:73,8
DA:74,8
DA:75,8
DA:76,8
DA:79,8
DA:80,8
DA:81,8
DA:82,8
DA:84,8
DA:92,3
DA:94,3
DA:95,3
DA:96,3
DA:99,3
DA:100,3
DA:103,3
DA:108,3
DA:109,0
DA:112,3
DA:113,3
DA:114,3
DA:115,3
DA:116,3
DA:117,3
DA:123,0
DA:124,0
DA:127,0
DA:128,0
DA:131,0
DA:132,0
DA:133,0
DA:134,0
DA:135,0
DA:136,0
DA:139,3
DA:144,3
DA:151,8
DA:152,3
DA:153,3
DA:155,3
DA:156,3
DA:157,3
DA:161,8
DA:163,2
DA:165,2
DA:167,1
DA:168,1
DA:169,1
DA:172,1
DA:173,0
DA:176,1
DA:177,1
DA:178,1
DA:179,1
DA:180,1
DA:182,1
DA:183,1
DA:185,1
DA:188,1
DA:189,1
DA:190,1
DA:192,1
DA:196,1
DA:200,1
DA:201,0
DA:206,0
DA:210,0
DA:211,0
DA:213,1
DA:214,1
DA:215,1
DA:216,1
DA:217,1
DA:218,1
DA:226,8
DA:233,0
DA:238,8
DA:239,0
DA:242,8
LF:102
LH:70
BRDA:41,0,0,0
BRDA:41,0,1,0
BRDA:41,1,0,0
BRDA:41,1,1,0
BRDA:45,2,0,0
BRDA:45,2,1,0
BRDA:46,3,0,0
BRDA:46,3,1,0
BRDA:49,4,0,0
BRDA:49,4,1,0
BRDA:52,5,0,0
BRDA:52,5,1,0
BRDA:55,6,0,0
BRDA:55,6,1,0
BRDA:58,7,0,0
BRDA:58,7,1,0
BRDA:58,8,0,0
BRDA:58,8,1,0
BRDA:85,9,0,3
BRDA:86,10,0,3
BRDA:87,11,0,3
BRDA:95,12,0,3
BRDA:95,12,1,0
BRDA:99,13,0,3
BRDA:99,13,1,0
BRDA:108,14,0,0
BRDA:108,14,1,3
BRDA:108,15,0,3
BRDA:108,15,1,3
BRDA:118,16,0,3
BRDA:118,16,1,0
BRDA:118,16,2,0
BRDA:123,17,0,0
BRDA:123,17,1,0
BRDA:123,18,0,0
BRDA:123,18,1,0
BRDA:127,19,0,0
BRDA:127,19,1,0
BRDA:139,20,0,3
BRDA:139,20,1,0
BRDA:140,21,0,3
BRDA:140,21,1,3
BRDA:140,21,2,3
BRDA:165,22,0,1
BRDA:165,22,1,1
BRDA:172,23,0,0
BRDA:172,23,1,1
BRDA:188,24,0,1
BRDA:188,24,1,0
BRDA:200,25,0,0
BRDA:200,25,1,1
BRDA:214,26,0,1
BRDA:214,26,1,0
BRDA:228,27,0,0
BRF:54
BRH:19
end_of_record
TN:
SF:src\features\favorites\mappers\favoritesMapper.ts
FN:8,(anonymous_0)
FN:16,(anonymous_1)
FN:48,(anonymous_2)
FNF:3
FNH:3
FNDA:6,(anonymous_0)
FNDA:3,(anonymous_1)
FNDA:3,(anonymous_2)
DA:8,2
DA:9,6
DA:10,2
DA:13,4
DA:16,2
DA:17,3
DA:18,1
DA:21,2
DA:22,2
DA:24,2
DA:25,4
DA:26,4
DA:27,0
DA:30,4
DA:31,4
DA:32,1
DA:35,3
DA:36,3
DA:45,2
DA:48,2
DA:51,3
DA:52,3
DA:53,3
DA:55,3
DA:56,3
DA:58,3
DA:60,3
DA:62,3
LF:28
LH:27
BRDA:9,0,0,2
BRDA:9,0,1,4
BRDA:9,1,0,6
BRDA:9,1,1,4
BRDA:17,2,0,1
BRDA:17,2,1,2
BRDA:26,3,0,0
BRDA:26,3,1,4
BRDA:31,4,0,1
BRDA:31,4,1,3
BRDA:31,5,0,4
BRDA:31,5,1,4
BRDA:55,6,0,1
BRDA:55,6,1,2
BRDA:56,7,0,3
BRDA:56,7,1,1
BRDA:58,8,0,1
BRDA:58,8,1,2
BRDA:58,9,0,2
BRDA:58,9,1,0
BRDA:60,10,0,1
BRDA:60,10,1,2
BRDA:69,11,0,3
BRDA:69,11,1,1
BRDA:69,11,2,0
BRDA:73,12,0,3
BRDA:73,12,1,1
BRF:27
BRH:24
end_of_record
TN:
SF:src\features\favorites\pages\FavoritesPage.tsx
FN:16,(anonymous_0)
FN:35,(anonymous_1)
FN:42,(anonymous_2)
FN:47,(anonymous_3)
FN:47,(anonymous_4)
FN:52,(anonymous_5)
FN:63,(anonymous_6)
FN:69,(anonymous_7)
FN:74,(anonymous_8)
FN:117,(anonymous_9)
FN:176,(anonymous_10)
FN:204,(anonymous_11)
FN:265,(anonymous_12)
FNF:13
FNH:10
FNDA:5,(anonymous_0)
FNDA:5,(anonymous_1)
FNDA:3,(anonymous_2)
[...]
FN:185,(anonymous_5)
FN:241,(anonymous_6)
FN:264,(anonymous_7)
FNF:8
FNH:0
FNDA:0,(anonymous_0)
FNDA:0,(anonymous_1)
FNDA:0,(anonymous_2)
FNDA:0,(anonymous_3)
FNDA:0,(anonymous_4)
FNDA:0,(anonymous_5)
FNDA:0,(anonymous_6)
FNDA:0,(anonymous_7)
DA:30,0
DA:90,0
DA:91,0
DA:92,0
DA:103,0
DA:105,0
DA:106,0
DA:113,0
DA:122,0
DA:149,0
DA:159,0
DA:179,0
DA:181,0
DA:185,0
DA:186,0
DA:187,0
DA:189,0
DA:193,0
DA:241,0
DA:264,0
LF:20
LH:0
BRDA:105,0,0,0
BRDA:105,0,1,0
BRDA:135,1,0,0
BRDA:135,1,1,0
BRDA:150,2,0,0
BRDA:150,2,1,0
BRDA:181,3,0,0
BRDA:181,3,1,0
BRDA:186,4,0,0
BRDA:186,4,1,0
BRDA:251,5,0,0
BRDA:251,5,1,0
BRDA:274,6,0,0
BRDA:274,6,1,0
BRF:14
BRH:0
end_of_record
TN:
SF:src\features\profile\pages\PrivacyPage.tsx
FN:70,(anonymous_0)
FN:102,(anonymous_1)
FN:132,(anonymous_2)
FN:143,(anonymous_3)
FN:156,(anonymous_4)
FN:164,(anonymous_5)
FN:276,(anonymous_6)
FN:297,(anonymous_7)
FNF:8
FNH:0
FNDA:0,(anonymous_0)
FNDA:0,(anonymous_1)
FNDA:0,(anonymous_2)
FNDA:0,(anonymous_3)
FNDA:0,(anonymous_4)
FNDA:0,(anonymous_5)
FNDA:0,(anonymous_6)
FNDA:0,(anonymous_7)
DA:35,0
DA:70,0
DA:71,0
DA:72,0
DA:83,0
DA:85,0
DA:86,0
DA:93,0
DA:102,0
DA:132,0
DA:144,0
DA:157,0
DA:164,0
DA:276,0
DA:297,0
LF:15
LH:0
BRDA:85,0,0,0
BRDA:85,0,1,0
BRDA:118,1,0,0
BRDA:118,1,1,0
BRDA:133,2,0,0
BRDA:133,2,1,0
BRDA:133,2,2,0
BRDA:234,3,0,0
BRDA:234,3,1,0
BRDA:283,4,0,0
BRDA:283,4,1,0
BRDA:286,5,0,0
BRDA:286,5,1,0
BRDA:304,6,0,0
BRDA:304,6,1,0
BRDA:307,7,0,0
BRDA:307,7,1,0
BRF:17
BRH:0
end_of_record
TN:
SF:src\features\profile\pages\ProfilePage.tsx
FN:69,(anonymous_0)
FN:105,(anonymous_1)
FN:129,(anonymous_2)
FN:132,(anonymous_3)
FN:140,(anonymous_4)
FN:141,(anonymous_5)
FN:155,(anonymous_6)
FN:169,(anonymous_7)
FN:177,(anonymous_8)
FN:207,(anonymous_9)
FN:272,(anonymous_10)
FN:291,(anonymous_11)
FN:354,(anonymous_12)
FN:362,(anonymous_13)
FN:401,(anonymous_14)
FN:405,(anonymous_15)
FN:420,(anonymous_16)
FN:424,(anonymous_17)
FN:457,(anonymous_18)
FN:461,(anonymous_19)
FN:491,(anonymous_20)
FN:495,(anonymous_21)
FNF:22
FNH:15
FNDA:3,(anonymous_0)
FNDA:3,(anonymous_1)
FNDA:12,(anonymous_2)
FNDA:12,(anonymous_3)
FNDA:3,(anonymous_4)
FNDA:12,(anonymous_5)
FNDA:3,(anonymous_6)
FNDA:1,(anonymous_7)
FNDA:1,(anonymous_8)
FNDA:1,(anonymous_9)
FNDA:0,(anonymous_10)
FNDA:0,(anonymous_11)
FNDA:12,(anonymous_12)
FNDA:0,(anonymous_13)
FNDA:12,(anonymous_14)
FNDA:0,(anonymous_15)
FNDA:5,(anonymous_16)
FNDA:0,(anonymous_17)
FNDA:4,(anonymous_18)
FNDA:0,(anonymous_19)
FNDA:4,(anonymous_20)
FNDA:0,(anonymous_21)
DA:29,1
DA:37,1
DA:69,1
DA:77,3
DA:105,1
DA:106,3
DA:107,3
DA:108,3
DA:125,3
DA:126,3
DA:127,3
DA:129,3
DA:130,12
DA:132,3
DA:133,12
DA:139,3
DA:141,12
DA:150,3
DA:154,3
DA:156,3
DA:161,3
DA:162,3
DA:163,3
DA:164,3
DA:165,3
DA:166,3
DA:167,3
DA:169,3
DA:170,1
DA:171,1
DA:177,3
DA:178,1
DA:179,1
DA:180,1
DA:186,3
DA:187,1
DA:192,2
DA:193,1
DA:207,1
DA:216,1
DA:272,0
DA:291,0
DA:355,12
DA:356,12
DA:358,12
DA:362,0
DA:402,12
DA:405,0
DA:421,5
DA:424,0
DA:458,4
DA:461,0
DA:492,4
DA:495,0
LF:54
LH:47
BRDA:73,0,0,1
BRDA:75,1,0,2
BRDA:79,2,0,1
BRDA:79,2,1,2
BRDA:88,3,0,2
BRDA:88,3,1,1
BRDA:95,4,0,1
BRDA:95,4,1,2
BRDA:150,5,0,0
BRDA:150,5,1,3
BRDA:156,6,0,3
BRDA:156,6,1,3
BRDA:157,7,0,3
BRDA:157,7,1,1
BRDA:161,8,0,3
BRDA:161,8,1,1
BRDA:162,9,0,3
BRDA:162,9,1,1
BRDA:163,10,0,3
BRDA:163,10,1,1
BRDA:165,11,0,3
BRDA:165,11,1,1
BRDA:166,12,0,2
BRDA:166,12,1,1
BRDA:167,13,0,3
BRDA:167,13,1,1
BRDA:186,14,0,1
BRDA:186,14,1,2
BRDA:192,15,0,1
BRDA:192,15,1,1
BRDA:192,16,0,2
BRDA:192,16,1,1
BRDA:218,17,0,0
BRDA:218,17,1,1
BRDA:256,18,0,1
BRDA:256,18,1,0
BRDA:281,19,0,0
BRDA:281,19,1,1
BRDA:356,20,0,12
BRDA:356,20,1,0
BRDA:438,21,0,0
BRDA:438,21,1,1
BRDA:519,22,0,1
BRDA:519,22,1,0
BRDA:527,23,0,0
BRDA:527,23,1,1
BRF:46
BRH:38
end_of_record
TN:
SF:src\features\profile\services\profileDataSource.ts
FN:7,(anonymous_0)
FN:14,(anonymous_1)
FNF:2
FNH:2
FNDA:3,(anonymous_0)
FNDA:3,(anonymous_1)
DA:7,3
DA:8,3
DA:10,2
DA:11,2
DA:14,3
DA:15,3
DA:16,1
DA:19,2
DA:22,3
DA:26,3
LF:10
LH:10
BRDA:8,0,0,1
BRDA:8,0,1,2
BRDA:11,1,0,2
BRDA:11,1,1,1
BRDA:11,1,2,1
BRDA:15,2,0,1
BRDA:15,2,1,2
BRDA:26,3,0,2
BRDA:26,3,1,1
BRF:9
BRH:9
end_of_record
TN:
SF:src\features\profile\services\profileService.ts
FN:52,(anonymous_0)
FN:64,(anonymous_1)
FN:74,(anonymous_2)
FN:81,(anonymous_3)
FN:86,(anonymous_4)
FN:94,(anonymous_5)
FN:119,(anonymous_6)
FN:129,(anonymous_7)
FN:134,(anonymous_8)
FN:153,(anonymous_9)
FN:174,(anonymous_10)
FN:196,(anonymous_11)
FN:206,(anonymous_12)
FN:222,(anonymous_13)
FN:232,(anonymous_14)
FN:252,(anonymous_15)
FN:267,(anonymous_16)
FN:276,(anonymous_17)
FNF:18
FNH:7
FNDA:4,(anonymous_0)
FNDA:3,(anonymous_1)
FNDA:1,(anonymous_2)
FNDA:1,(anonymous_3)
FNDA:1,(anonymous_4)
FNDA:0,(anonymous_5)
FNDA:0,(anonymous_6)
FNDA:0,(anonymous_7)
FNDA:0,(anonymous_8)
FNDA:2,(anonymous_9)
FNDA:1,(anonymous_10)
FNDA:0,(anonymous_11)
FNDA:0,(anonymous_12)
FNDA:0,(anonymous_13)
FNDA:0,(anonymous_14)
FNDA:0,(anonymous_15)
FNDA:0,(anonymous_16)
FNDA:0,(anonymous_17)
DA:45,1
DA:52,1
DA:53,4
DA:54,4
DA:55,4
DA:57,4
DA:58,4
DA:60,0
DA:64,1
DA:65,3
DA:67,3
DA:68,3
DA:71,0
DA:74,1
DA:75,1
DA:76,1
DA:81,1
DA:82,1
DA:86,1
DA:87,1
DA:88,1
DA:94,1
DA:98,0
DA:99,0
DA:101,0
DA:110,0
DA:112,0
DA:119,1
DA:122,0
DA:123,0
DA:129,1
DA:130,0
DA:134,1
DA:138,0
DA:143,0
DA:153,1
DA:154,2
DA:155,2
DA:156,2
DA:157,1
DA:161,1
DA:162,1
DA:165,0
DA:174,1
DA:177,1
DA:178,1
DA:180,1
DA:181,1
DA:184,0
DA:185,0
DA:196,1
DA:197,0
DA:198,0
DA:206,1
DA:209,0
DA:212,0
DA:222,1
DA:223,0
DA:224,0
DA:232,1
DA:235,0
DA:238,0
DA:252,1
DA:253,0
DA:254,0
DA:255,0
DA:256,0
DA:257,0
DA:258,0
DA:259,0
DA:267,1
DA:268,0
DA:276,1
DA:277,0
LF:74
LH:42
BRDA:55,0,0,0
BRDA:55,0,1,4
BRDA:58,1,0,4
BRDA:58,1,1,0
BRDA:58,2,0,4
BRDA:58,2,1,4
BRDA:67,3,0,3
BRDA:67,3,1,0
BRDA:67,4,0,3
BRDA:67,4,1,3
BRDA:76,5,0,1
BRDA:76,5,1,0
BRDA:76,6,0,1
BRDA:76,6,1,1
BRDA:82,7,0,1
BRDA:82,7,1,1
BRDA:102,8,0,0
BRDA:102,8,1,0
BRDA:103,9,0,0
BRDA:103,9,1,0
BRDA:104,10,0,0
BRDA:104,10,1,0
BRDA:106,11,0,0
BRDA:106,11,1,0
BRDA:123,12,0,0
BRDA:123,12,1,0
BRDA:161,13,0,1
BRDA:161,13,1,0
BRDA:180,14,0,1
BRDA:180,14,1,0
BRF:30
BRH:14
end_of_record
TN:
SF:src\features\profile\types\dataSource.ts
FNF:0
FNH:0
LF:0
LH:0
BRF:0
BRH:0
end_of_record
TN:
SF:src\features\profile\utils\defaultAvatar.ts
FN:1,(anonymous_0)
FN:9,(anonymous_1)
FN:17,(anonymous_2)
FN:23,(anonymous_3)
FNF:4
FNH:4
FNDA:4,(anonymous_0)
FNDA:4,(anonymous_1)
FNDA:4,(anonymous_2)
FNDA:4,(anonymous_3)
DA:1,2
DA:2,4
DA:3,4
DA:5,4
DA:6,4
DA:9,2
DA:10,4
DA:17,2
DA:18,4
DA:20,4
DA:23,2
DA:24,4
DA:25,4
LF:13
LH:13
BRDA:3,0,0,0
BRDA:3,0,1,4
BRDA:5,1,0,4
BRDA:5,1,1,0
BRF:4
BRH:2
end_of_record
TN:
SF:src\features\users\api\userApi.ts
FN:26,(anonymous_0)
FN:37,(anonymous_1)
FN:48,(anonymous_2)
FNF:3
FNH:0
FNDA:0,(anonymous_0)
FNDA:0,(anonymous_1)
FNDA:0,(anonymous_2)
DA:21,0
DA:27,0
DA:30,0
DA:38,0
DA:41,0
DA:53,0
DA:59,0
LF:7
LH:0
BRDA:50,0,0,0
BRDA:51,1,0,0
BRF:2
BRH:0
end_of_record
TN:
SF:src\features\users\hooks\usePublicProfile.ts
FN:27,(anonymous_0)
FN:53,(anonymous_1)
FN:75,(anonymous_2)
FN:145,(anonymous_3)
FN:149,(anonymous_4)
FN:155,(anonymous_5)
FN:163,(anonymous_6)
FN:171,(anonymous_7)
FNF:8
FNH:7
FNDA:1,(anonymous_0)
FNDA:7,(anonymous_1)
FNDA:4,(anonymous_2)
FNDA:3,(anonymous_3)
FNDA:3,(anonymous_4)
FNDA:1,(anonymous_5)
FNDA:1,(anonymous_6)
FNDA:0,(anonymous_7)
DA:27,1
DA:28,1
DA:29,0
DA:32,1
DA:33,1
DA:34,0
DA:36,1
DA:37,1
DA:39,0
DA:40,0
DA:42,0
DA:43,0
DA:45,0
DA:46,0
DA:50,0
DA:53,1
DA:54,7
DA:55,7
DA:57,7
DA:58,7
DA:59,7
DA:60,7
DA:61,7
DA:62,7
DA:64,7
DA:65,7
DA:66,7
DA:68,7
DA:70,7
DA:74,7
DA:82,4
DA:84,4
DA:85,0
DA:86,0
DA:87,0
DA:88,0
DA:89,0
DA:90,0
DA:91,0
DA:94,4
DA:95,3
DA:97,1
DA:100,4
DA:102,4
DA:107,4
DA:111,3
DA:112,0
DA:115,3
DA:116,3
DA:117,3
DA:119,1
DA:120,0
DA:123,1
DA:124,1
DA:125,1
DA:126,1
DA:133,4
DA:134,4
DA:135,3
DA:137,1
DA:145,7
DA:146,3
DA:147,3
DA:149,3
DA:150,3
DA:151,3
DA:155,7
DA:156,1
DA:157,0
DA:160,1
DA:164,1
DA:167,1
DA:168,1
DA:171,7
DA:172,0
DA:175,7
LF:76
LH:56
BRDA:28,0,0,0
BRDA:28,0,1,1
BRDA:28,1,0,1
BRDA:28,1,1,1
BRDA:32,2,0,1
BRDA:32,2,1,0
BRDA:33,3,0,0
BRDA:33,3,1,1
BRDA:36,4,0,1
BRDA:36,4,1,0
BRDA:39,5,0,0
BRDA:39,5,1,0
BRDA:42,6,0,0
BRDA:42,6,1,0
BRDA:45,7,0,0
BRDA:45,7,1,0
BRDA:45,8,0,0
BRDA:45,8,1,0
BRDA:55,9,0,7
BRDA:55,9,1,0
BRDA:70,10,0,7
BRDA:70,10,1,7
BRDA:70,10,2,7
BRDA:75,11,0,0
BRDA:76,12,0,0
BRDA:77,13,0,3
BRDA:84,14,0,0
BRDA:84,14,1,4
BRDA:94,15,0,3
BRDA:94,15,1,1
BRDA:111,16,0,0
BRDA:111,16,1,3
BRDA:111,17,0,3
BRDA:111,17,1,3
BRDA:119,18,0,0
BRDA:119,18,1,1
BRDA:119,19,0,1
BRDA:119,19,1,1
BRDA:133,20,0,4
BRDA:133,20,1,0
BRDA:133,21,0,4
BRDA:133,21,1,4
BRDA:134,22,0,3
BRDA:134,22,1,1
BRDA:156,23,0,0
BRDA:156,23,1,1
BRF:46
BRH:26
end_of_record
TN:
SF:src\features\users\mappers\userMapper.ts
FN:5,(anonymous_0)
FN:10,(anonymous_1)
FN:19,(anonymous_2)
FN:43,(anonymous_3)
FN:64,(anonymous_4)
FN:71,(anonymous_5)
FNF:6
FNH:6
FNDA:4,(anonymous_0)
FNDA:9,(anonymous_1)
FNDA:5,(anonymous_2)
FNDA:4,(anonymous_3)
FNDA:3,(anonymous_4)
FNDA:1,(anonymous_5)
DA:5,2
DA:6,4
DA:7,4
DA:10,2
DA:11,9
DA:12,9
DA:13,9
DA:15,9
DA:16,9
DA:19,2
DA:23,5
DA:25,5
DA:43,2
DA:46,4
DA:48,4
DA:64,2
DA:67,3
DA:68,3
DA:71,2
DA:75,1
DA:77,1
LF:21
LH:21
BRDA:6,0,0,0
BRDA:6,0,1,4
BRDA:11,1,0,0
BRDA:11,1,1,9
BRDA:13,2,0,0
BRDA:13,2,1,9
BRDA:16,3,0,1
BRDA:16,3,1,8
BRDA:21,4,0,0
BRDA:23,5,0,5
BRDA:23,5,1,1
BRDA:26,6,0,5
BRDA:26,6,1,0
BRDA:28,7,0,5
BRDA:28,7,1,0
BRDA:30,8,0,5
BRDA:30,8,1,5
BRDA:31,9,0,5
BRDA:31,9,1,0
BRDA:33,10,0,0
BRDA:33,10,1,5
BRDA:34,11,0,0
BRDA:34,11,1,5
BRDA:35,12,0,0
BRDA:35,12,1,5
BRDA:46,13,0,4
BRDA:46,13,1,1
BRDA:49,14,0,4
BRDA:49,14,1,0
BRDA:50,15,0,4
BRDA:50,15,1,0
BRDA:53,16,0,4
BRDA:53,16,1,1
BRDA:54,17,0,4
BRDA:54,17,1,1
BRDA:56,18,0,0
BRDA:56,18,1,4
BRDA:56,19,0,4
BRDA:56,19,1,0
BRDA:67,20,0,0
BRDA:67,20,1,3
BRDA:79,21,0,1
BRDA:79,21,1,0
BRDA:81,22,0,1
BRDA:81,22,1,0
BRF:45
BRH:28
end_of_record
TN:
SF:src\features\users\pages\PublicProfilePage.tsx
FN:29,(anonymous_0)
FN:41,StarRow
FN:54,(anonymous_2)
FN:70,StatPill
FN:93,(anonymous_4)
FN:111,(anonymous_5)
FN:115,(anonymous_6)
FN:148,(anonymous_7)
FN:159,(anonymous_8)
FN:201,(anonymous_9)
FN:336,(anonymous_10)
FN:363,(anonymous_11)
FN:406,(anonymous_12)
FNF:13
FNH:9
FNDA:1,(anonymous_0)
FNDA:1,StarRow
FNDA:5,(anonymous_2)
FNDA:3,StatPill
FNDA:3,(anonymous_4)
FNDA:3,(anonymous_5)
FNDA:3,(anonymous_6)
FNDA:1,(anonymous_7)
FNDA:0,(anonymous_8)
FNDA:0,(anonymous_9)
FNDA:0,(anonymous_10)
FNDA:0,(anonymous_11)
FNDA:1,(anonymous_12)
DA:29,1
DA:34,1
DA:35,1
DA:36,0
DA:38,1
DA:42,1
DA:43,1
DA:44,1
DA:48,1
DA:55,5
DA:79,3
DA:93,1
DA:94,3
DA:95,3
DA:96,3
DA:108,3
DA:110,3
DA:111,3
DA:114,3
DA:116,3
DA:124,3
DA:125,1
DA:133,2
DA:134,1
DA:148,1
DA:159,0
DA:171,1
DA:174,1
DA:175,1
DA:176,1
DA:177,1
DA:178,1
DA:179,1
DA:182,1
DA:184,1
DA:201,0
DA:336,0
DA:363,0
DA:407,1
LF:39
LH:34
BRDA:35,0,0,0
BRDA:35,0,1,1
BRDA:59,1,0,4
BRDA:59,1,1,1
BRDA:108,2,0,3
BRDA:108,2,1,0
BRDA:124,3,0,1
BRDA:124,3,1,2
BRDA:133,4,0,1
BRDA:133,4,1,1
BRDA:133,5,0,2
BRDA:133,5,1,1
BRDA:141,6,0,1
BRDA:141,6,1,0
BRDA:152,7,0,0
BRDA:152,7,1,1
BRDA:171,8,0,1
BRDA:171,8,1,0
BRDA:175,9,0,1
BRDA:175,9,1,1
BRDA:176,10,0,1
BRDA:176,10,1,0
BRDA:180,11,0,1
BRDA:180,11,1,0
BRDA:182,12,0,1
BRDA:182,12,1,0
BRDA:190,13,0,0
BRDA:190,13,1,1
BRDA:192,14,0,0
BRDA:192,14,1,1
BRDA:219,15,0,0
BRDA:219,15,1,1
BRDA:237,16,0,1
BRDA:237,16,1,1
BRDA:239,17,0,1
BRDA:239,17,1,0
BRDA:251,18,0,1
BRDA:251,18,1,1
BRDA:265,19,0,1
BRDA:265,19,1,1
BRDA:284,20,0,1
BRDA:284,20,1,0
BRDA:308,21,0,0
BRDA:308,21,1,1
BRDA:344,22,0,0
BRDA:344,22,1,1
BRDA:352,23,0,1
BRDA:352,23,1,0
BRDA:367,24,0,0
BRDA:367,24,1,0
BRDA:397,25,0,0
BRDA:397,25,1,1
BRDA:432,26,0,1
BRDA:432,26,1,0
BRF:54
BRH:34
end_of_record
TN:
SF:src\features\users\services\userDataSource.ts
FN:7,(anonymous_0)
FN:13,(anonymous_1)
FNF:2
FNH:2
FNDA:3,(anonymous_0)
FNDA:3,(anonymous_1)
DA:7,3
DA:8,3
DA:9,2
DA:10,2
DA:13,3
DA:14,3
DA:15,1
DA:18,2
DA:21,3
DA:26,3
LF:10
LH:10
BRDA:8,0,0,1
BRDA:8,0,1,2
BRDA:10,1,0,2
BRDA:10,1,1,1
BRDA:10,1,2,1
BRDA:14,2,0,1
BRDA:14,2,1,2
BRDA:26,3,0,2
BRDA:26,3,1,1
BRF:9
BRH:9
end_of_record
TN:
SF:src\features\users\services\userService.ts
FN:22,(anonymous_0)
FN:31,(anonymous_1)
FN:54,(anonymous_2)
FN:57,(anonymous_3)
FN:69,(anonymous_4)
FN:79,(anonymous_5)
FN:170,(anonymous_6)
FN:196,(anonymous_7)
FN:200,(anonymous_8)
FN:208,(anonymous_9)
FNF:10
FNH:10
FNDA:6,(anonymous_0)
FNDA:1,(anonymous_1)
FNDA:5,(anonymous_2)
FNDA:2,(anonymous_3)
FNDA:3,(anonymous_4)
FNDA:4,(anonymous_5)
FNDA:6,(anonymous_6)
FNDA:3,(anonymous_7)
FNDA:4,(anonymous_8)
FNDA:5,(anonymous_9)
DA:10,1
DA:11,1
DA:12,1
DA:19,1
DA:20,1
DA:22,1
DA:23,6
DA:24,6
DA:25,1
DA:28,5
DA:31,1
DA:32,1
DA:33,0
DA:34,0
DA:36,0
DA:37,0
DA:41,1
DA:54,1
DA:55,5
DA:57,1
DA:58,2
DA:59,2
DA:61,1
DA:62,0
DA:63,0
DA:66,1
DA:69,1
DA:73,3
DA:79,1
DA:83,4
DA:89,4
DA:90,1
DA:95,1
DA:96,0
DA:99,1
DA:101,1
DA:102,0
DA:109,1
DA:119,3
DA:124,3
DA:125,2
DA:126,1
DA:136,1
DA:143,1
DA:144,0
DA:155,1
DA:156,1
DA:159,0
DA:160,0
DA:163,0
DA:170,1
DA:175,6
DA:176,5
DA:177,5
DA:178,5
DA:180,5
DA:181,2
DA:182,2
DA:183,1
DA:187,4
DA:188,4
DA:189,0
DA:192,4
DA:197,3
DA:198,3
DA:201,4
DA:204,4
DA:205,4
DA:208,1
DA:212,5
DA:213,5
DA:214,5
DA:217,0
DA:218,0
DA:219,0
DA:224,1
LF:76
LH:60
BRDA:24,0,0,1
BRDA:24,0,1,5
BRDA:32,1,0,0
BRDA:32,1,1,1
BRDA:33,2,0,0
BRDA:33,2,1,0
BRDA:36,3,0,0
BRDA:36,3,1,0
BRDA:55,4,0,5
BRDA:55,4,1,4
BRDA:59,5,0,1
BRDA:59,5,1,1
BRDA:61,6,0,0
BRDA:61,6,1,1
BRDA:89,7,0,1
BRDA:89,7,1,3
BRDA:89,8,0,4
BRDA:89,8,1,1
BRDA:95,9,0,0
BRDA:95,9,1,1
BRDA:101,10,0,0
BRDA:101,10,1,1
BRDA:124,11,0,2
BRDA:124,11,1,1
BRDA:125,12,0,1
BRDA:125,12,1,1
BRDA:143,13,0,0
BRDA:143,13,1,1
BRDA:155,14,0,1
BRDA:155,14,1,0
BRDA:159,15,0,0
BRDA:159,15,1,0
BRDA:173,16,0,3
BRDA:180,17,0,2
BRDA:180,17,1,3
BRDA:182,18,0,1
BRDA:182,18,1,1
BRDA:188,19,0,0
BRDA:188,19,1,4
BRDA:212,20,0,5
BRDA:212,20,1,0
BRF:41
BRH:27
end_of_record
TN:
SF:src\features\users\types\dataSource.ts
FNF:0
FNH:0
LF:0
LH:0
BRF:0
BRH:0
end_of_record
TN:
SF:src\lib\utils.ts
FN:4,cn
FNF:1
FNH:1
FNDA:330,cn
DA:5,330
LF:1
LH:1
BRF:0
BRH:0
end_of_record
TN:
SF:src\pages\NotFound.tsx
FN:5,(anonymous_0)
FN:9,(anonymous_1)
FNF:2
FNH:0
FNDA:0,(anonymous_0)
FNDA:0,(anonymous_1)
DA:5,0
DA:6,0
DA:7,0
DA:9,0
DA:10,0
DA:16,0
LF:6
LH:0
BRF:0
BRH:0
end_of_record
TN:
SF:src\routes\RoleBasedRoute.tsx
FN:19,RoleBasedRoute
FNF:1
FNH:1
FNDA:2,RoleBasedRoute
DA:24,2
DA:26,2
DA:29,2
DA:32,2
DA:33,1
DA:36,1
LF:6
LH:6
BRDA:22,0,0,1
BRDA:26,1,0,0
BRDA:26,1,1,2
BRDA:29,2,0,0
BRDA:29,2,1,2
BRDA:32,3,0,1
BRDA:32,3,1,1
BRF:7
BRH:5
end_of_record
TN:
SF:src\routes\index.tsx
FN:17,ProtectedRoute
FN:47,PublicRoute
FN:82,OnboardingRoute
FNF:3
FNH:3
FNDA:4,ProtectedRoute
FNDA:2,PublicRoute
FNDA:2,OnboardingRoute
DA:18,4
DA:19,4
DA:21,4
DA:24,3
DA:28,2
DA:33,1
DA:36,1
DA:48,2
DA:50,2
DA:51,0
DA:54,2
DA:56,1
DA:57,0
DA:59,1
DA:60,1
DA:62,0
DA:70,1
DA:83,2
DA:85,2
DA:88,2
DA:91,2
DA:94,1
DA:96,1
LF:23
LH:20
BRDA:21,0,0,1
BRDA:21,0,1,3
BRDA:24,1,0,1
BRDA:24,1,1,2
BRDA:28,2,0,1
BRDA:28,2,1,1
BRDA:29,3,0,2
BRDA:29,3,1,1
BRDA:29,3,2,1
BRDA:50,4,0,0
BRDA:50,4,1,2
BRDA:54,5,0,1
BRDA:54,5,1,1
BRDA:56,6,0,0
BRDA:56,6,1,1
BRDA:59,7,0,1
BRDA:59,7,1,0
BRDA:64,8,0,0
BRDA:64,8,1,0
BRDA:85,9,0,0
BRDA:85,9,1,2
BRDA:88,10,0,0
BRDA:88,10,1,2
BRDA:91,11,0,1
BRDA:91,11,1,1
BRDA:94,12,0,0
BRDA:94,12,1,1
BRF:27
BRH:19
end_of_record
TN:
SF:src\utils\apiError.ts
FN:54,(anonymous_0)
FN:94,(anonymous_1)
FN:97,(anonymous_2)
FN:101,(anonymous_3)
FN:104,(anonymous_4)
FN:122,extractValidationErrors
FN:135,getFirstValidationErrorMessage
FN:152,extractBackendErrorMessage
FN:177,extractBackendStatusCode
FN:185,(anonymous_9)
FN:189,(anonymous_10)
FN:213,(anonymous_11)
FN:241,(anonymous_12)
FN:275,isApiError
FN:295,getErrorMessage
FNF:15
FNH:15
FNDA:12,(anonymous_0)
FNDA:14,(anonymous_1)
FNDA:4,(anonymous_2)
FNDA:5,(anonymous_3)
FNDA:3,(anonymous_4)
FNDA:4,extractValidationErrors
FNDA:7,getFirstValidationErrorMessage
FNDA:3,extractBackendErrorMessage
FNDA:3,extractBackendStatusCode
FNDA:5,(anonymous_9)
FNDA:1,(anonymous_10)
FNDA:3,(anonymous_11)
FNDA:3,(anonymous_12)
FNDA:31,isApiError
FNDA:6,getErrorMessage
DA:40,12
DA:62,12
DA:63,12
DA:64,12
DA:65,12
DA:66,12
DA:69,12
DA:90,18
DA:92,18
DA:94,18
DA:95,14
DA:97,18
DA:98,4
DA:100,4
DA:102,5
DA:103,3
DA:105,3
DA:107,3
DA:108,3
DA:110,3
DA:115,4
DA:125,4
DA:127,4
DA:128,2
DA:131,2
DA:138,7
DA:140,3
DA:141,3
DA:142,3
DA:145,0
DA:155,3
DA:157,3
DA:160,3
DA:162,2
DA:166,1
DA:169,1
DA:170,1
DA:173,0
DA:178,3
DA:180,3
DA:181,2
DA:182,1
DA:185,18
DA:186,5
DA:189,18
DA:192,1
DA:194,1
DA:195,0
DA:197,1
DA:198,0
DA:200,1
DA:201,1
DA:203,0
DA:204,0
DA:206,0
DA:207,0
DA:210,0
DA:213,18
DA:214,3
DA:215,1
DA:218,2
DA:219,0
DA:220,0
DA:223,0
DA:224,0
DA:227,0
DA:230,2
DA:231,2
DA:234,0
DA:235,0
DA:238,0
DA:241,18
DA:245,3
DA:246,1
DA:253,2
DA:254,1
DA:261,1
DA:276,31
DA:277,19
DA:299,6
DA:300,1
DA:301,1
DA:302,0
DA:305,1
DA:306,1
DA:307,1
DA:311,5
DA:312,3
DA:313,3
DA:314,3
DA:318,2
DA:319,1
LF:92
LH:74
BRDA:95,0,0,14
BRDA:95,0,1,14
BRDA:98,1,0,0
BRDA:98,1,1,4
BRDA:102,2,0,2
BRDA:102,2,1,3
BRDA:105,3,0,3
BRDA:105,3,1,3
BRDA:107,4,0,3
BRDA:107,4,1,0
BRDA:115,5,0,2
BRDA:115,5,1,2
BRDA:125,6,0,0
BRDA:125,6,1,4
BRDA:127,7,0,2
BRDA:127,7,1,2
BRDA:138,8,0,4
BRDA:138,8,1,3
BRDA:142,9,0,3
BRDA:142,9,1,0
BRDA:155,10,0,0
BRDA:155,10,1,3
BRDA:160,11,0,1
BRDA:160,11,1,2
BRDA:162,12,0,1
BRDA:162,12,1,1
BRDA:163,13,0,2
BRDA:163,13,1,1
BRDA:169,14,0,1
BRDA:169,14,1,0
BRDA:169,15,0,1
BRDA:169,15,1,1
BRDA:178,16,0,0
BRDA:178,16,1,3
BRDA:180,17,0,1
BRDA:180,17,1,2
BRDA:181,18,0,1
BRDA:181,18,1,1
BRDA:186,19,0,5
BRDA:186,19,1,5
BRDA:192,20,0,0
BRDA:192,20,1,1
BRDA:194,21,0,0
BRDA:194,21,1,1
BRDA:197,22,0,0
BRDA:197,22,1,1
BRDA:200,23,0,1
BRDA:200,23,1,0
BRDA:203,24,0,0
BRDA:203,24,1,0
BRDA:206,25,0,0
BRDA:206,25,1,0
BRDA:214,26,0,1
BRDA:214,26,1,2
BRDA:214,27,0,3
BRDA:214,27,1,3
BRDA:218,28,0,0
BRDA:218,28,1,2
BRDA:219,29,0,0
BRDA:219,29,1,0
BRDA:219,30,0,0
BRDA:219,30,1,0
BRDA:223,31,0,0
BRDA:223,31,1,0
BRDA:223,32,0,0
BRDA:223,32,1,0
BRDA:230,33,0,2
BRDA:230,33,1,0
BRDA:234,34,0,0
BRDA:234,34,1,0
BRDA:245,35,0,1
BRDA:245,35,1,2
BRDA:245,36,0,3
BRDA:245,36,1,1
BRDA:253,37,0,1
BRDA:253,37,1,1
BRDA:257,38,0,0
BRDA:257,38,1,1
BRDA:264,39,0,0
BRDA:264,39,1,1
BRDA:276,40,0,12
BRDA:276,40,1,19
BRDA:278,41,0,19
BRDA:278,41,1,17
BRDA:278,41,2,16
BRDA:297,42,0,3
BRDA:299,43,0,1
BRDA:299,43,1,5
BRDA:301,44,0,0
BRDA:301,44,1,1
BRDA:301,45,0,1
BRDA:301,45,1,1
BRDA:306,46,0,1
BRDA:306,46,1,0
BRDA:311,47,0,3
BRDA:311,47,1,2
BRDA:313,48,0,3
BRDA:313,48,1,0
BRDA:313,49,0,3
BRDA:313,49,1,3
BRDA:318,50,0,1
BRDA:318,50,1,1
BRDA:318,51,0,2
BRDA:318,51,1,1
BRF:104
BRH:72
end_of_record
TN:
SF:src\utils\constants.ts
FNF:0
FNH:0
DA:9,0
DA:23,0
DA:26,0
DA:29,0
DA:32,0
DA:40,0
DA:43,0
DA:52,0
DA:53,0
DA:56,0
LF:10
LH:0
BRF:0
BRH:0
end_of_record
TN:
SF:src\utils\helpers.ts
FN:6,(anonymous_0)
FN:24,formatRating
FN:31,formatSentiment
FN:38,formatDate
FN:49,formatTime
FN:63,calculateDistance
FN:85,debounce
FN:91,(anonymous_7)
FN:93,(anonymous_8)
FN:100,throttle
FN:106,(anonymous_10)
FN:118,getInitials
FN:121,(anonymous_12)
FNF:13
FNH:12
FNDA:0,(anonymous_0)
FNDA:2,formatRating
FNDA:1,formatSentiment
FNDA:1,formatDate
FNDA:1,formatTime
FNDA:2,calculateDistance
FNDA:1,debounce
FNDA:2,(anonymous_7)
FNDA:1,(anonymous_8)
FNDA:1,throttle
FNDA:3,(anonymous_10)
FNDA:3,getInitials
FNDA:11,(anonymous_12)
DA:6,1
DA:7,0
DA:8,0
DA:9,0
DA:10,0
DA:14,0
DA:15,0
DA:18,0
DA:25,2
DA:32,1
DA:42,1
DA:43,1
DA:53,1
DA:54,1
DA:69,2
DA:70,2
DA:71,2
DA:73,2
DA:78,2
DA:79,2
DA:91,1
DA:92,2
DA:93,2
DA:104,1
DA:106,1
DA:107,3
DA:108,3
DA:109,2
DA:110,2
DA:119,3
DA:121,11
LF:31
LH:24
BRDA:7,0,0,0
BRDA:7,0,1,0
BRDA:9,1,0,0
BRDA:9,1,1,0
BRDA:14,2,0,0
BRDA:14,2,1,0
BRDA:15,3,0,0
BRDA:15,3,1,0
BRDA:24,4,0,1
BRDA:40,5,0,0
BRDA:42,6,0,1
BRDA:42,6,1,0
BRDA:51,7,0,0
BRDA:53,8,0,1
BRDA:53,8,1,0
BRDA:108,9,0,2
BRDA:108,9,1,1
BRF:17
BRH:5
end_of_record
TN:
SF:src\utils\priceLevels.ts
FN:52,(anonymous_0)
FN:61,(anonymous_1)
FNF:2
FNH:2
FNDA:50,(anonymous_0)
FNDA:50,(anonymous_1)
DA:1,10
DA:17,10
DA:51,10
DA:52,50
DA:61,50
LF:5
LH:5
BRF:0
BRH:0
end_of_record
